{"numTotalTestSuites":14,"numPassedTestSuites":9,"numFailedTestSuites":5,"numPendingTestSuites":0,"numTotalTests":41,"numPassedTests":35,"numFailedTests":6,"numPendingTests":0,"numTodoTests":0,"snapshot":{"added":0,"failure":false,"filesAdded":0,"filesRemoved":0,"filesRemovedList":[],"filesUnmatched":0,"filesUpdated":0,"matched":0,"total":0,"unchecked":0,"uncheckedKeysByFile":[],"unmatched":0,"updated":0,"didUpdate":false},"startTime":1747371539222,"success":false,"testResults":[{"assertionResults":[{"ancestorTitles":["GameStateProvider"],"fullName":"GameStateProvider should initialize with default state","status":"passed","title":"should initialize with default state","duration":36.821382000000085,"failureMessages":[],"meta":{}},{"ancestorTitles":["GameStateProvider"],"fullName":"GameStateProvider should follow clockwise turn order: South → West → North → East","status":"failed","title":"should follow clockwise turn order: South → West → North → East","duration":38.51499599999988,"failureMessages":["AssertionError: expected '3' to be '0' // Object.is equality\n    at /Users/davekanter/Documents/Dave/hearts-vercel/client/src/context/GameStateProvider.test.tsx:167:60\n    at file:///Users/davekanter/Documents/Dave/hearts-vercel/client/node_modules/@vitest/runner/dist/index.js:596:20"],"meta":{}}],"startTime":1747371541779,"endTime":1747371541854.515,"status":"failed","message":"","name":"/Users/davekanter/Documents/Dave/hearts-vercel/client/src/context/GameStateProvider.test.tsx"},{"assertionResults":[],"startTime":1747371539222,"endTime":1747371539222,"status":"failed","message":"Parse failure: Expression expected\nAt file: /Users/davekanter/Documents/Dave/hearts-vercel/client/src/cardOps/__tests__/gameLogic.test.js:1:4","name":"/Users/davekanter/Documents/Dave/hearts-vercel/client/src/cardOps/__tests__/gameLogic.test.js"},{"assertionResults":[{"ancestorTitles":["Hearts Game Logic","isValidMove"],"fullName":"Hearts Game Logic isValidMove should require following suit whenever possible","status":"passed","title":"should require following suit whenever possible","duration":3.62643399999979,"failureMessages":[],"meta":{}},{"ancestorTitles":["Hearts Game Logic","isValidMove"],"fullName":"Hearts Game Logic isValidMove should required 2 of clubs to start the first trick","status":"passed","title":"should required 2 of clubs to start the first trick","duration":1.1136900000001333,"failureMessages":[],"meta":{}},{"ancestorTitles":["Hearts Game Logic","isValidMove"],"fullName":"Hearts Game Logic isValidMove should prevent hearts from being played until broken","status":"passed","title":"should prevent hearts from being played until broken","duration":0.945842999999968,"failureMessages":[],"meta":{}},{"ancestorTitles":["Hearts Game Logic","determineTrickWinner"],"fullName":"Hearts Game Logic determineTrickWinner should determine the winner of a trick","status":"passed","title":"should determine the winner of a trick","duration":1.6796589999999014,"failureMessages":[],"meta":{}},{"ancestorTitles":["Hearts Game Logic","determineTrickWinner"],"fullName":"Hearts Game Logic determineTrickWinner should ignore cards that are not of the lead suit","status":"passed","title":"should ignore cards that are not of the lead suit","duration":0.8775490000002719,"failureMessages":[],"meta":{}},{"ancestorTitles":["Hearts Game Logic","determineTrickWinner"],"fullName":"Hearts Game Logic determineTrickWinner should return -1 if trickCards length is not 4","status":"passed","title":"should return -1 if trickCards length is not 4","duration":0.7969450000000506,"failureMessages":[],"meta":{}},{"ancestorTitles":["Hearts Game Logic","determineTrickWinner"],"fullName":"Hearts Game Logic determineTrickWinner should correctly determine winner when leader plays highest card","status":"passed","title":"should correctly determine winner when leader plays highest card","duration":0.6143030000002909,"failureMessages":[],"meta":{}},{"ancestorTitles":["Hearts Game Logic","determineTrickWinner"],"fullName":"Hearts Game Logic determineTrickWinner should correctly determine winner when non-leader plays highest card of lead suit","status":"passed","title":"should correctly determine winner when non-leader plays highest card of lead suit","duration":0.6171030000000428,"failureMessages":[],"meta":{}},{"ancestorTitles":["Hearts Game Logic","determineTrickWinner"],"fullName":"Hearts Game Logic determineTrickWinner should correctly identify North (player 2) as winner when North leads and plays highest card","status":"passed","title":"should correctly identify North (player 2) as winner when North leads and plays highest card","duration":0.9472300000002178,"failureMessages":[],"meta":{}},{"ancestorTitles":["Hearts Game Logic","determineTrickWinner"],"fullName":"Hearts Game Logic determineTrickWinner should correctly identify winner when lead suit is Spades and Queen of Spades is not highest","status":"passed","title":"should correctly identify winner when lead suit is Spades and Queen of Spades is not highest","duration":0.7706789999997454,"failureMessages":[],"meta":{}},{"ancestorTitles":["Hearts Game Logic","determineTrickWinner"],"fullName":"Hearts Game Logic determineTrickWinner should handle scenario where players play off-suit (and lead suit wins)","status":"passed","title":"should handle scenario where players play off-suit (and lead suit wins)","duration":0.7526410000000396,"failureMessages":[],"meta":{}},{"ancestorTitles":["Hearts Game Logic","determineTrickWinner"],"fullName":"Hearts Game Logic determineTrickWinner DEBUG: North wins with Ace, but East (player 3) was reported as winner","status":"passed","title":"DEBUG: North wins with Ace, but East (player 3) was reported as winner","duration":0.5865380000000187,"failureMessages":[],"meta":{}},{"ancestorTitles":["Hearts Game Logic","calculateScore"],"fullName":"Hearts Game Logic calculateScore should assign 1 point for each heart in the trick","status":"passed","title":"should assign 1 point for each heart in the trick","duration":0.9059520000000703,"failureMessages":[],"meta":{}},{"ancestorTitles":["Hearts Game Logic","calculateScore"],"fullName":"Hearts Game Logic calculateScore should assign 13 points for the queen of spades in the trick","status":"passed","title":"should assign 13 points for the queen of spades in the trick","duration":0.21155099999987215,"failureMessages":[],"meta":{}},{"ancestorTitles":["Hearts Game Logic","calculateScore"],"fullName":"Hearts Game Logic calculateScore should correctly calculate combined scores","status":"passed","title":"should correctly calculate combined scores","duration":0.2031769999998687,"failureMessages":[],"meta":{}}],"startTime":1747371541761,"endTime":1747371541776.2117,"status":"passed","message":"","name":"/Users/davekanter/Documents/Dave/hearts-vercel/client/src/cardOps/__tests__/gameLogic.test.ts"},{"assertionResults":[{"ancestorTitles":["Card Component"],"fullName":"Card Component renders hearts symbol","status":"passed","title":"renders hearts symbol","duration":37.740495999999894,"failureMessages":[],"meta":{}},{"ancestorTitles":["Card Component"],"fullName":"Card Component renders diamonds symbol","status":"passed","title":"renders diamonds symbol","duration":4.927564999999959,"failureMessages":[],"meta":{}},{"ancestorTitles":["Card Component"],"fullName":"Card Component renders clubs symbol","status":"passed","title":"renders clubs symbol","duration":3.39033900000004,"failureMessages":[],"meta":{}},{"ancestorTitles":["Card Component"],"fullName":"Card Component renders spades symbol","status":"passed","title":"renders spades symbol","duration":3.782586999999694,"failureMessages":[],"meta":{}},{"ancestorTitles":["Card Component"],"fullName":"Card Component applies red color class to hearts","status":"passed","title":"applies red color class to hearts","duration":4.507539000000179,"failureMessages":[],"meta":{}},{"ancestorTitles":["Card Component"],"fullName":"Card Component applies red color class to diamonds","status":"passed","title":"applies red color class to diamonds","duration":2.652437000000191,"failureMessages":[],"meta":{}},{"ancestorTitles":["Card Component"],"fullName":"Card Component does not apply red color class to clubs","status":"passed","title":"does not apply red color class to clubs","duration":2.4427409999998417,"failureMessages":[],"meta":{}},{"ancestorTitles":["Card Component"],"fullName":"Card Component does not apply red color class to spades","status":"passed","title":"does not apply red color class to spades","duration":1.9247739999996156,"failureMessages":[],"meta":{}},{"ancestorTitles":["Card Component"],"fullName":"Card Component applies special styling to Queen of Spades","status":"passed","title":"applies special styling to Queen of Spades","duration":3.154269999999997,"failureMessages":[],"meta":{}},{"ancestorTitles":["Card Component"],"fullName":"Card Component does not apply special styling to other queens","status":"passed","title":"does not apply special styling to other queens","duration":2.2704960000000938,"failureMessages":[],"meta":{}},{"ancestorTitles":["Card Component"],"fullName":"Card Component has proper card dimensions and styling","status":"passed","title":"has proper card dimensions and styling","duration":2.661160999999993,"failureMessages":[],"meta":{}},{"ancestorTitles":["Card Component"],"fullName":"Card Component renders card corners correctly","status":"passed","title":"renders card corners correctly","duration":3.119020999999975,"failureMessages":[],"meta":{}},{"ancestorTitles":["Card Component"],"fullName":"Card Component applies hover effect on mouse enter","status":"passed","title":"applies hover effect on mouse enter","duration":91.13790999999992,"failureMessages":[],"meta":{}},{"ancestorTitles":["Card Component"],"fullName":"Card Component calls onClick handler when clicked","status":"passed","title":"calls onClick handler when clicked","duration":19.795766000000185,"failureMessages":[],"meta":{}}],"startTime":1747371541814,"endTime":1747371541997.7957,"status":"passed","message":"","name":"/Users/davekanter/Documents/Dave/hearts-vercel/client/src/components/Card/Card.test.tsx"},{"assertionResults":[{"ancestorTitles":["PlayingField Component"],"fullName":"PlayingField Component renders the playing field with green felt background","status":"failed","title":"renders the playing field with green felt background","duration":40.728481999999985,"failureMessages":["TestingLibraryElementError: Unable to find an element by: [data-testid=\"playing-field\"]\n\nIgnored nodes: comments, script, style\n\u001b[36m<body>\u001b[39m\n  \u001b[36m<div />\u001b[39m\n\u001b[36m</body>\u001b[39m\n    at Object.getElementError (/Users/davekanter/Documents/Dave/hearts-vercel/client/node_modules/@testing-library/dom/dist/config.js:37:19)\n    at /Users/davekanter/Documents/Dave/hearts-vercel/client/node_modules/@testing-library/dom/dist/query-helpers.js:76:38\n    at /Users/davekanter/Documents/Dave/hearts-vercel/client/node_modules/@testing-library/dom/dist/query-helpers.js:52:17\n    at getByTestId (/Users/davekanter/Documents/Dave/hearts-vercel/client/node_modules/@testing-library/dom/dist/query-helpers.js:95:19)\n    at /Users/davekanter/Documents/Dave/hearts-vercel/client/src/components/PlayingField/PlayingField.test.tsx:37:33\n    at file:///Users/davekanter/Documents/Dave/hearts-vercel/client/node_modules/@vitest/runner/dist/index.js:103:11\n    at file:///Users/davekanter/Documents/Dave/hearts-vercel/client/node_modules/@vitest/runner/dist/index.js:596:26\n    at file:///Users/davekanter/Documents/Dave/hearts-vercel/client/node_modules/@vitest/runner/dist/index.js:879:20\n    at new Promise (<anonymous>)\n    at runWithTimeout (file:///Users/davekanter/Documents/Dave/hearts-vercel/client/node_modules/@vitest/runner/dist/index.js:852:10)"],"meta":{}},{"ancestorTitles":["PlayingField Component"],"fullName":"PlayingField Component positions players correctly around the table","status":"failed","title":"positions players correctly around the table","duration":4.284684000000198,"failureMessages":["TestingLibraryElementError: Unable to find an element by: [data-testid=\"player-top\"]\n\nIgnored nodes: comments, script, style\n\u001b[36m<body>\u001b[39m\n  \u001b[36m<div />\u001b[39m\n\u001b[36m</body>\u001b[39m\n    at Object.getElementError (/Users/davekanter/Documents/Dave/hearts-vercel/client/node_modules/@testing-library/dom/dist/config.js:37:19)\n    at /Users/davekanter/Documents/Dave/hearts-vercel/client/node_modules/@testing-library/dom/dist/query-helpers.js:76:38\n    at /Users/davekanter/Documents/Dave/hearts-vercel/client/node_modules/@testing-library/dom/dist/query-helpers.js:52:17\n    at getByTestId (/Users/davekanter/Documents/Dave/hearts-vercel/client/node_modules/@testing-library/dom/dist/query-helpers.js:95:19)\n    at /Users/davekanter/Documents/Dave/hearts-vercel/client/src/components/PlayingField/PlayingField.test.tsx:51:30\n    at file:///Users/davekanter/Documents/Dave/hearts-vercel/client/node_modules/@vitest/runner/dist/index.js:103:11\n    at file:///Users/davekanter/Documents/Dave/hearts-vercel/client/node_modules/@vitest/runner/dist/index.js:596:26\n    at file:///Users/davekanter/Documents/Dave/hearts-vercel/client/node_modules/@vitest/runner/dist/index.js:879:20\n    at new Promise (<anonymous>)\n    at runWithTimeout (file:///Users/davekanter/Documents/Dave/hearts-vercel/client/node_modules/@vitest/runner/dist/index.js:852:10)"],"meta":{}},{"ancestorTitles":["PlayingField Component"],"fullName":"PlayingField Component highlights the current player's turn","status":"failed","title":"highlights the current player's turn","duration":4.422115999999733,"failureMessages":["TestingLibraryElementError: Unable to find an element by: [data-testid=\"player-top\"]\n\nIgnored nodes: comments, script, style\n\u001b[36m<body>\u001b[39m\n  \u001b[36m<div />\u001b[39m\n\u001b[36m</body>\u001b[39m\n    at Object.getElementError (/Users/davekanter/Documents/Dave/hearts-vercel/client/node_modules/@testing-library/dom/dist/config.js:37:19)\n    at /Users/davekanter/Documents/Dave/hearts-vercel/client/node_modules/@testing-library/dom/dist/query-helpers.js:76:38\n    at /Users/davekanter/Documents/Dave/hearts-vercel/client/node_modules/@testing-library/dom/dist/query-helpers.js:52:17\n    at getByTestId (/Users/davekanter/Documents/Dave/hearts-vercel/client/node_modules/@testing-library/dom/dist/query-helpers.js:95:19)\n    at /Users/davekanter/Documents/Dave/hearts-vercel/client/src/components/PlayingField/PlayingField.test.tsx:78:30\n    at file:///Users/davekanter/Documents/Dave/hearts-vercel/client/node_modules/@vitest/runner/dist/index.js:103:11\n    at file:///Users/davekanter/Documents/Dave/hearts-vercel/client/node_modules/@vitest/runner/dist/index.js:596:26\n    at file:///Users/davekanter/Documents/Dave/hearts-vercel/client/node_modules/@vitest/runner/dist/index.js:879:20\n    at new Promise (<anonymous>)\n    at runWithTimeout (file:///Users/davekanter/Documents/Dave/hearts-vercel/client/node_modules/@vitest/runner/dist/index.js:852:10)"],"meta":{}},{"ancestorTitles":["PlayingField Component"],"fullName":"PlayingField Component renders the player's hand with actual cards","status":"failed","title":"renders the player's hand with actual cards","duration":4.6152720000000045,"failureMessages":["TestingLibraryElementError: Unable to find an element by: [data-testid=\"card\"]\n\nIgnored nodes: comments, script, style\n\u001b[36m<body>\u001b[39m\n  \u001b[36m<div />\u001b[39m\n\u001b[36m</body>\u001b[39m\n    at Object.getElementError (/Users/davekanter/Documents/Dave/hearts-vercel/client/node_modules/@testing-library/dom/dist/config.js:37:19)\n    at /Users/davekanter/Documents/Dave/hearts-vercel/client/node_modules/@testing-library/dom/dist/query-helpers.js:76:38\n    at getAllByTestId (/Users/davekanter/Documents/Dave/hearts-vercel/client/node_modules/@testing-library/dom/dist/query-helpers.js:109:15)\n    at /Users/davekanter/Documents/Dave/hearts-vercel/client/src/components/PlayingField/PlayingField.test.tsx:100:32\n    at file:///Users/davekanter/Documents/Dave/hearts-vercel/client/node_modules/@vitest/runner/dist/index.js:103:11\n    at file:///Users/davekanter/Documents/Dave/hearts-vercel/client/node_modules/@vitest/runner/dist/index.js:596:26\n    at file:///Users/davekanter/Documents/Dave/hearts-vercel/client/node_modules/@vitest/runner/dist/index.js:879:20\n    at new Promise (<anonymous>)\n    at runWithTimeout (file:///Users/davekanter/Documents/Dave/hearts-vercel/client/node_modules/@vitest/runner/dist/index.js:852:10)\n    at runTest (file:///Users/davekanter/Documents/Dave/hearts-vercel/client/node_modules/@vitest/runner/dist/index.js:1360:12)"],"meta":{}},{"ancestorTitles":["PlayingField Component"],"fullName":"PlayingField Component renders a center play area for trick cards","status":"failed","title":"renders a center play area for trick cards","duration":5.470079000000169,"failureMessages":["TestingLibraryElementError: Unable to find an element by: [data-testid=\"center-play-area\"]\n\nIgnored nodes: comments, script, style\n\u001b[36m<body>\u001b[39m\n  \u001b[36m<div />\u001b[39m\n\u001b[36m</body>\u001b[39m\n    at Object.getElementError (/Users/davekanter/Documents/Dave/hearts-vercel/client/node_modules/@testing-library/dom/dist/config.js:37:19)\n    at /Users/davekanter/Documents/Dave/hearts-vercel/client/node_modules/@testing-library/dom/dist/query-helpers.js:76:38\n    at /Users/davekanter/Documents/Dave/hearts-vercel/client/node_modules/@testing-library/dom/dist/query-helpers.js:52:17\n    at getByTestId (/Users/davekanter/Documents/Dave/hearts-vercel/client/node_modules/@testing-library/dom/dist/query-helpers.js:95:19)\n    at /Users/davekanter/Documents/Dave/hearts-vercel/client/src/components/PlayingField/PlayingField.test.tsx:123:31\n    at file:///Users/davekanter/Documents/Dave/hearts-vercel/client/node_modules/@vitest/runner/dist/index.js:103:11\n    at file:///Users/davekanter/Documents/Dave/hearts-vercel/client/node_modules/@vitest/runner/dist/index.js:596:26\n    at file:///Users/davekanter/Documents/Dave/hearts-vercel/client/node_modules/@vitest/runner/dist/index.js:879:20\n    at new Promise (<anonymous>)\n    at runWithTimeout (file:///Users/davekanter/Documents/Dave/hearts-vercel/client/node_modules/@vitest/runner/dist/index.js:852:10)"],"meta":{}}],"startTime":1747371541835,"endTime":1747371541894.47,"status":"failed","message":"","name":"/Users/davekanter/Documents/Dave/hearts-vercel/client/src/components/PlayingField/PlayingField.test.tsx"},{"assertionResults":[{"ancestorTitles":["PlayerHand Component"],"fullName":"PlayerHand Component renders all cards in the player's hand","status":"passed","title":"renders all cards in the player's hand","duration":109.97905500000024,"failureMessages":[],"meta":{}},{"ancestorTitles":["PlayerHand Component"],"fullName":"PlayerHand Component sorts cards by suit and rank","status":"passed","title":"sorts cards by suit and rank","duration":10.483345999999983,"failureMessages":[],"meta":{}},{"ancestorTitles":["PlayerHand Component"],"fullName":"PlayerHand Component calls onCardClick with the correct card when clicked","status":"passed","title":"calls onCardClick with the correct card when clicked","duration":47.11211200000025,"failureMessages":[],"meta":{}},{"ancestorTitles":["PlayerHand Component"],"fullName":"PlayerHand Component applies fanned layout to cards","status":"passed","title":"applies fanned layout to cards","duration":6.8555969999997615,"failureMessages":[],"meta":{}},{"ancestorTitles":["PlayerHand Component"],"fullName":"PlayerHand Component applies playable class to cards when they are playable","status":"passed","title":"applies playable class to cards when they are playable","duration":4.36501700000008,"failureMessages":[],"meta":{}}],"startTime":1747371541816,"endTime":1747371541995.365,"status":"passed","message":"","name":"/Users/davekanter/Documents/Dave/hearts-vercel/client/src/components/PlayerHand/PlayerHand.test.tsx"}]}