{"/Users/davekanter/Documents/Dave/hearts-vercel/client/api/index.js": {"path":"/Users/davekanter/Documents/Dave/hearts-vercel/client/api/index.js","all":true,"statementMap":{"0":{"start":{"line":1,"column":0},"end":{"line":1,"column":15}},"1":{"start":{"line":2,"column":0},"end":{"line":2,"column":35}},"3":{"start":{"line":4,"column":0},"end":{"line":4,"column":27}},"4":{"start":{"line":5,"column":0},"end":{"line":5,"column":58}},"5":{"start":{"line":6,"column":0},"end":{"line":6,"column":37}},"6":{"start":{"line":7,"column":0},"end":{"line":7,"column":16}},"8":{"start":{"line":9,"column":0},"end":{"line":9,"column":28}},"9":{"start":{"line":10,"column":0},"end":{"line":10,"column":27}},"10":{"start":{"line":11,"column":0},"end":{"line":11,"column":29}},"11":{"start":{"line":12,"column":0},"end":{"line":12,"column":32}},"12":{"start":{"line":13,"column":0},"end":{"line":13,"column":5}},"13":{"start":{"line":14,"column":0},"end":{"line":14,"column":3}},"15":{"start":{"line":16,"column":0},"end":{"line":16,"column":21}},"16":{"start":{"line":17,"column":0},"end":{"line":17,"column":41}},"17":{"start":{"line":18,"column":0},"end":{"line":18,"column":72}},"18":{"start":{"line":19,"column":0},"end":{"line":19,"column":14}},"19":{"start":{"line":20,"column":0},"end":{"line":20,"column":14}},"20":{"start":{"line":21,"column":0},"end":{"line":21,"column":7}},"21":{"start":{"line":22,"column":0},"end":{"line":22,"column":3}},"23":{"start":{"line":24,"column":0},"end":{"line":24,"column":35}},"24":{"start":{"line":25,"column":0},"end":{"line":25,"column":33}},"25":{"start":{"line":26,"column":0},"end":{"line":26,"column":41}},"26":{"start":{"line":27,"column":0},"end":{"line":27,"column":31}},"27":{"start":{"line":28,"column":0},"end":{"line":28,"column":3}},"29":{"start":{"line":30,"column":0},"end":{"line":30,"column":15}},"30":{"start":{"line":31,"column":0},"end":{"line":31,"column":1}},"32":{"start":{"line":33,"column":0},"end":{"line":33,"column":30}},"33":{"start":{"line":34,"column":0},"end":{"line":34,"column":30}},"34":{"start":{"line":35,"column":0},"end":{"line":35,"column":40}},"36":{"start":{"line":37,"column":0},"end":{"line":37,"column":45}},"38":{"start":{"line":39,"column":0},"end":{"line":39,"column":37}},"39":{"start":{"line":40,"column":0},"end":{"line":40,"column":42}},"41":{"start":{"line":42,"column":0},"end":{"line":42,"column":33}},"42":{"start":{"line":43,"column":0},"end":{"line":43,"column":37}},"43":{"start":{"line":44,"column":0},"end":{"line":44,"column":38}},"45":{"start":{"line":46,"column":0},"end":{"line":46,"column":37}},"46":{"start":{"line":47,"column":0},"end":{"line":47,"column":43}},"47":{"start":{"line":48,"column":0},"end":{"line":48,"column":9}},"48":{"start":{"line":49,"column":0},"end":{"line":49,"column":7}},"50":{"start":{"line":51,"column":0},"end":{"line":51,"column":30}},"51":{"start":{"line":52,"column":0},"end":{"line":52,"column":10}},"52":{"start":{"line":53,"column":0},"end":{"line":53,"column":44}},"53":{"start":{"line":54,"column":0},"end":{"line":54,"column":3}},"54":{"start":{"line":55,"column":0},"end":{"line":55,"column":12}},"55":{"start":{"line":56,"column":0},"end":{"line":56,"column":2}}},"s":{"0":0,"1":0,"3":0,"4":0,"5":0,"6":0,"8":0,"9":0,"10":0,"11":0,"12":0,"13":0,"15":0,"16":0,"17":0,"18":0,"19":0,"20":0,"21":0,"23":0,"24":0,"25":0,"26":0,"27":0,"29":0,"30":0,"32":0,"33":0,"34":0,"36":0,"38":0,"39":0,"41":0,"42":0,"43":0,"45":0,"46":0,"47":0,"48":0,"50":0,"51":0,"52":0,"53":0,"54":0,"55":0},"branchMap":{"0":{"type":"branch","line":1,"loc":{"start":{"line":1,"column":1227},"end":{"line":56,"column":2}},"locations":[{"start":{"line":1,"column":1227},"end":{"line":56,"column":2}}]}},"b":{"0":[0]},"fnMap":{"0":{"name":"(empty-report)","decl":{"start":{"line":1,"column":1227},"end":{"line":56,"column":2}},"loc":{"start":{"line":1,"column":1227},"end":{"line":56,"column":2}},"line":1}},"f":{"0":0}}
,"/Users/davekanter/Documents/Dave/hearts-vercel/client/src/App.tsx": {"path":"/Users/davekanter/Documents/Dave/hearts-vercel/client/src/App.tsx","all":true,"statementMap":{"0":{"start":{"line":1,"column":0},"end":{"line":1,"column":25}},"1":{"start":{"line":2,"column":0},"end":{"line":2,"column":59}},"2":{"start":{"line":3,"column":0},"end":{"line":3,"column":41}},"3":{"start":{"line":4,"column":0},"end":{"line":4,"column":18}},"5":{"start":{"line":6,"column":0},"end":{"line":6,"column":29}},"6":{"start":{"line":7,"column":0},"end":{"line":7,"column":10}},"7":{"start":{"line":8,"column":0},"end":{"line":8,"column":25}},"8":{"start":{"line":9,"column":0},"end":{"line":9,"column":25}},"9":{"start":{"line":10,"column":0},"end":{"line":10,"column":16}},"13":{"start":{"line":14,"column":0},"end":{"line":14,"column":1}},"15":{"start":{"line":16,"column":0},"end":{"line":16,"column":18}}},"s":{"0":0,"1":0,"2":0,"3":0,"5":0,"6":0,"7":0,"8":0,"9":0,"13":0,"15":0},"branchMap":{"0":{"type":"branch","line":1,"loc":{"start":{"line":1,"column":321},"end":{"line":16,"column":18}},"locations":[{"start":{"line":1,"column":321},"end":{"line":16,"column":18}}]}},"b":{"0":[0]},"fnMap":{"0":{"name":"(empty-report)","decl":{"start":{"line":1,"column":321},"end":{"line":16,"column":18}},"loc":{"start":{"line":1,"column":321},"end":{"line":16,"column":18}},"line":1}},"f":{"0":0}}
,"/Users/davekanter/Documents/Dave/hearts-vercel/client/src/main.tsx": {"path":"/Users/davekanter/Documents/Dave/hearts-vercel/client/src/main.tsx","all":true,"statementMap":{"0":{"start":{"line":1,"column":0},"end":{"line":1,"column":25}},"1":{"start":{"line":2,"column":0},"end":{"line":2,"column":39}},"2":{"start":{"line":3,"column":0},"end":{"line":3,"column":23}},"3":{"start":{"line":4,"column":0},"end":{"line":4,"column":20}},"5":{"start":{"line":6,"column":0},"end":{"line":6,"column":61}},"6":{"start":{"line":7,"column":0},"end":{"line":7,"column":20}},"7":{"start":{"line":8,"column":0},"end":{"line":8,"column":11}}},"s":{"0":0,"1":0,"2":0,"3":0,"5":0,"6":0,"7":0},"branchMap":{"0":{"type":"branch","line":1,"loc":{"start":{"line":1,"column":231},"end":{"line":10,"column":1}},"locations":[{"start":{"line":1,"column":231},"end":{"line":10,"column":1}}]}},"b":{"0":[0]},"fnMap":{"0":{"name":"(empty-report)","decl":{"start":{"line":1,"column":231},"end":{"line":10,"column":1}},"loc":{"start":{"line":1,"column":231},"end":{"line":10,"column":1}},"line":1}},"f":{"0":0}}
,"/Users/davekanter/Documents/Dave/hearts-vercel/client/src/cardOps/gameLogic.ts": {"path":"/Users/davekanter/Documents/Dave/hearts-vercel/client/src/cardOps/gameLogic.ts","all":false,"statementMap":{"2":{"start":{"line":3,"column":0},"end":{"line":3,"column":19}},"4":{"start":{"line":5,"column":0},"end":{"line":5,"column":51}},"5":{"start":{"line":6,"column":0},"end":{"line":6,"column":79}},"6":{"start":{"line":7,"column":0},"end":{"line":7,"column":63}},"7":{"start":{"line":8,"column":0},"end":{"line":8,"column":65}},"8":{"start":{"line":9,"column":0},"end":{"line":9,"column":2}},"10":{"start":{"line":11,"column":0},"end":{"line":11,"column":33}},"11":{"start":{"line":12,"column":0},"end":{"line":12,"column":55}},"12":{"start":{"line":13,"column":0},"end":{"line":13,"column":46}},"13":{"start":{"line":14,"column":0},"end":{"line":14,"column":11}},"14":{"start":{"line":15,"column":0},"end":{"line":15,"column":11}},"15":{"start":{"line":16,"column":0},"end":{"line":16,"column":11}},"16":{"start":{"line":17,"column":0},"end":{"line":17,"column":11}},"17":{"start":{"line":18,"column":0},"end":{"line":18,"column":11}},"18":{"start":{"line":19,"column":0},"end":{"line":19,"column":11}},"19":{"start":{"line":20,"column":0},"end":{"line":20,"column":11}},"20":{"start":{"line":21,"column":0},"end":{"line":21,"column":11}},"21":{"start":{"line":22,"column":0},"end":{"line":22,"column":13}},"22":{"start":{"line":23,"column":0},"end":{"line":23,"column":12}},"23":{"start":{"line":24,"column":0},"end":{"line":24,"column":12}},"24":{"start":{"line":25,"column":0},"end":{"line":25,"column":12}},"25":{"start":{"line":26,"column":0},"end":{"line":26,"column":11}},"26":{"start":{"line":27,"column":0},"end":{"line":27,"column":4}},"27":{"start":{"line":28,"column":0},"end":{"line":28,"column":31}},"28":{"start":{"line":29,"column":0},"end":{"line":29,"column":2}},"30":{"start":{"line":31,"column":0},"end":{"line":31,"column":28}},"31":{"start":{"line":32,"column":0},"end":{"line":32,"column":14}},"32":{"start":{"line":33,"column":0},"end":{"line":33,"column":23}},"33":{"start":{"line":34,"column":0},"end":{"line":34,"column":25}},"34":{"start":{"line":35,"column":0},"end":{"line":35,"column":27}},"35":{"start":{"line":36,"column":0},"end":{"line":36,"column":32}},"36":{"start":{"line":37,"column":0},"end":{"line":37,"column":39}},"38":{"start":{"line":39,"column":0},"end":{"line":39,"column":18}},"39":{"start":{"line":40,"column":0},"end":{"line":40,"column":46}},"40":{"start":{"line":41,"column":0},"end":{"line":41,"column":12}},"41":{"start":{"line":42,"column":0},"end":{"line":42,"column":19}},"42":{"start":{"line":43,"column":0},"end":{"line":43,"column":18}},"43":{"start":{"line":44,"column":0},"end":{"line":44,"column":20}},"44":{"start":{"line":45,"column":0},"end":{"line":45,"column":54}},"45":{"start":{"line":46,"column":0},"end":{"line":46,"column":8}},"46":{"start":{"line":47,"column":0},"end":{"line":47,"column":26}},"47":{"start":{"line":48,"column":0},"end":{"line":48,"column":46}},"49":{"start":{"line":50,"column":0},"end":{"line":50,"column":50}},"50":{"start":{"line":51,"column":0},"end":{"line":51,"column":32}},"51":{"start":{"line":52,"column":0},"end":{"line":52,"column":44}},"52":{"start":{"line":53,"column":0},"end":{"line":53,"column":44}},"53":{"start":{"line":54,"column":0},"end":{"line":54,"column":56}},"54":{"start":{"line":55,"column":0},"end":{"line":55,"column":5}},"56":{"start":{"line":57,"column":0},"end":{"line":57,"column":53}},"57":{"start":{"line":58,"column":0},"end":{"line":58,"column":50}},"58":{"start":{"line":59,"column":0},"end":{"line":59,"column":45}},"59":{"start":{"line":60,"column":0},"end":{"line":60,"column":71}},"60":{"start":{"line":61,"column":0},"end":{"line":61,"column":27}},"61":{"start":{"line":62,"column":0},"end":{"line":62,"column":5}},"63":{"start":{"line":64,"column":0},"end":{"line":64,"column":32}},"64":{"start":{"line":65,"column":0},"end":{"line":65,"column":16}},"65":{"start":{"line":66,"column":0},"end":{"line":66,"column":3}},"66":{"start":{"line":67,"column":0},"end":{"line":67,"column":33}},"67":{"start":{"line":68,"column":0},"end":{"line":68,"column":38}},"68":{"start":{"line":69,"column":0},"end":{"line":69,"column":84}},"69":{"start":{"line":70,"column":0},"end":{"line":70,"column":20}},"70":{"start":{"line":71,"column":0},"end":{"line":71,"column":34}},"71":{"start":{"line":72,"column":0},"end":{"line":72,"column":3}},"73":{"start":{"line":74,"column":0},"end":{"line":74,"column":55}},"74":{"start":{"line":75,"column":0},"end":{"line":75,"column":14}},"75":{"start":{"line":76,"column":0},"end":{"line":76,"column":2}},"77":{"start":{"line":78,"column":0},"end":{"line":78,"column":94}},"78":{"start":{"line":79,"column":0},"end":{"line":79,"column":58}},"79":{"start":{"line":80,"column":0},"end":{"line":80,"column":83}},"80":{"start":{"line":81,"column":0},"end":{"line":81,"column":23}},"81":{"start":{"line":82,"column":0},"end":{"line":82,"column":8}},"83":{"start":{"line":84,"column":0},"end":{"line":84,"column":32}},"84":{"start":{"line":85,"column":0},"end":{"line":85,"column":106}},"85":{"start":{"line":86,"column":0},"end":{"line":86,"column":14}},"86":{"start":{"line":87,"column":0},"end":{"line":87,"column":3}},"88":{"start":{"line":89,"column":0},"end":{"line":89,"column":38}},"89":{"start":{"line":90,"column":0},"end":{"line":90,"column":27}},"90":{"start":{"line":91,"column":0},"end":{"line":91,"column":58}},"91":{"start":{"line":92,"column":0},"end":{"line":92,"column":182}},"93":{"start":{"line":94,"column":0},"end":{"line":94,"column":47}},"94":{"start":{"line":95,"column":0},"end":{"line":95,"column":31}},"95":{"start":{"line":96,"column":0},"end":{"line":96,"column":46}},"96":{"start":{"line":97,"column":0},"end":{"line":97,"column":108}},"98":{"start":{"line":99,"column":0},"end":{"line":99,"column":65}},"99":{"start":{"line":100,"column":0},"end":{"line":100,"column":27}},"100":{"start":{"line":101,"column":0},"end":{"line":101,"column":35}},"101":{"start":{"line":102,"column":0},"end":{"line":102,"column":153}},"102":{"start":{"line":103,"column":0},"end":{"line":103,"column":40}},"103":{"start":{"line":104,"column":0},"end":{"line":104,"column":92}},"104":{"start":{"line":105,"column":0},"end":{"line":105,"column":12}},"105":{"start":{"line":106,"column":0},"end":{"line":106,"column":95}},"106":{"start":{"line":107,"column":0},"end":{"line":107,"column":5}},"107":{"start":{"line":108,"column":0},"end":{"line":108,"column":3}},"109":{"start":{"line":110,"column":0},"end":{"line":110,"column":63}},"110":{"start":{"line":111,"column":0},"end":{"line":111,"column":159}},"111":{"start":{"line":112,"column":0},"end":{"line":112,"column":72}},"112":{"start":{"line":113,"column":0},"end":{"line":113,"column":86}},"113":{"start":{"line":114,"column":0},"end":{"line":114,"column":81}},"114":{"start":{"line":115,"column":0},"end":{"line":115,"column":83}},"115":{"start":{"line":116,"column":0},"end":{"line":116,"column":83}},"116":{"start":{"line":117,"column":0},"end":{"line":117,"column":21}},"117":{"start":{"line":118,"column":0},"end":{"line":118,"column":2}},"119":{"start":{"line":120,"column":0},"end":{"line":120,"column":119}},"120":{"start":{"line":121,"column":0},"end":{"line":121,"column":30}},"122":{"start":{"line":123,"column":0},"end":{"line":123,"column":85}},"123":{"start":{"line":124,"column":0},"end":{"line":124,"column":49}},"124":{"start":{"line":125,"column":0},"end":{"line":125,"column":30}},"126":{"start":{"line":127,"column":0},"end":{"line":127,"column":36}},"127":{"start":{"line":128,"column":0},"end":{"line":128,"column":53}},"128":{"start":{"line":129,"column":0},"end":{"line":129,"column":45}},"129":{"start":{"line":130,"column":0},"end":{"line":130,"column":29}},"130":{"start":{"line":131,"column":0},"end":{"line":131,"column":48}},"131":{"start":{"line":132,"column":0},"end":{"line":132,"column":36}},"132":{"start":{"line":133,"column":0},"end":{"line":133,"column":39}},"133":{"start":{"line":134,"column":0},"end":{"line":134,"column":37}},"134":{"start":{"line":135,"column":0},"end":{"line":135,"column":11}},"135":{"start":{"line":136,"column":0},"end":{"line":136,"column":60}},"136":{"start":{"line":137,"column":0},"end":{"line":137,"column":38}},"137":{"start":{"line":138,"column":0},"end":{"line":138,"column":11}},"138":{"start":{"line":139,"column":0},"end":{"line":139,"column":41}},"139":{"start":{"line":140,"column":0},"end":{"line":140,"column":51}},"140":{"start":{"line":141,"column":0},"end":{"line":141,"column":34}},"141":{"start":{"line":142,"column":0},"end":{"line":142,"column":41}},"142":{"start":{"line":143,"column":0},"end":{"line":143,"column":39}},"143":{"start":{"line":144,"column":0},"end":{"line":144,"column":13}},"144":{"start":{"line":145,"column":0},"end":{"line":145,"column":62}},"145":{"start":{"line":146,"column":0},"end":{"line":146,"column":40}},"146":{"start":{"line":147,"column":0},"end":{"line":147,"column":13}},"147":{"start":{"line":148,"column":0},"end":{"line":148,"column":13}},"148":{"start":{"line":149,"column":0},"end":{"line":149,"column":9}},"149":{"start":{"line":150,"column":0},"end":{"line":150,"column":7}},"150":{"start":{"line":151,"column":0},"end":{"line":151,"column":7}},"151":{"start":{"line":152,"column":0},"end":{"line":152,"column":5}},"153":{"start":{"line":154,"column":0},"end":{"line":154,"column":58}},"154":{"start":{"line":155,"column":0},"end":{"line":155,"column":43}},"155":{"start":{"line":156,"column":0},"end":{"line":156,"column":42}},"156":{"start":{"line":157,"column":0},"end":{"line":157,"column":23}},"157":{"start":{"line":158,"column":0},"end":{"line":158,"column":35}},"158":{"start":{"line":159,"column":0},"end":{"line":159,"column":5}},"159":{"start":{"line":160,"column":0},"end":{"line":160,"column":5}},"161":{"start":{"line":162,"column":0},"end":{"line":162,"column":50}},"162":{"start":{"line":163,"column":0},"end":{"line":163,"column":32}},"163":{"start":{"line":164,"column":0},"end":{"line":164,"column":51}},"164":{"start":{"line":165,"column":0},"end":{"line":165,"column":51}},"165":{"start":{"line":166,"column":0},"end":{"line":166,"column":55}},"166":{"start":{"line":167,"column":0},"end":{"line":167,"column":3}},"168":{"start":{"line":169,"column":0},"end":{"line":169,"column":36}},"169":{"start":{"line":170,"column":0},"end":{"line":170,"column":2}},"171":{"start":{"line":172,"column":0},"end":{"line":172,"column":65}},"172":{"start":{"line":173,"column":0},"end":{"line":173,"column":35}},"173":{"start":{"line":174,"column":0},"end":{"line":174,"column":71}},"174":{"start":{"line":175,"column":0},"end":{"line":175,"column":23}},"175":{"start":{"line":176,"column":0},"end":{"line":176,"column":2}}},"s":{"2":1,"4":1,"5":1,"6":6,"7":6,"8":6,"10":1,"11":1,"12":60,"13":60,"14":60,"15":60,"16":60,"17":60,"18":60,"19":60,"20":60,"21":60,"22":60,"23":60,"24":60,"25":60,"26":60,"27":60,"28":60,"30":1,"31":9,"32":9,"33":9,"34":9,"35":9,"36":9,"38":9,"39":9,"40":9,"41":9,"42":9,"43":9,"44":9,"45":9,"46":9,"47":9,"49":9,"50":9,"51":6,"52":6,"53":2,"54":2,"56":4,"57":6,"58":2,"59":2,"60":2,"61":2,"63":2,"64":2,"65":2,"66":3,"67":3,"68":3,"69":9,"70":2,"71":2,"73":1,"74":1,"75":1,"77":1,"78":16,"79":16,"80":16,"81":16,"83":16,"84":2,"85":2,"86":2,"88":14,"89":14,"90":14,"91":14,"93":16,"94":42,"95":42,"96":42,"98":42,"99":12,"100":12,"101":12,"102":42,"103":10,"104":24,"105":20,"106":20,"107":42,"109":14,"110":14,"111":14,"112":14,"113":14,"114":14,"115":14,"116":14,"117":14,"119":1,"120":5,"122":5,"123":5,"124":20,"126":18,"127":7,"128":7,"129":7,"130":0,"131":0,"132":0,"133":0,"134":0,"135":0,"136":0,"137":0,"138":7,"139":7,"140":7,"141":26,"142":22,"143":22,"144":26,"145":4,"146":4,"147":26,"148":7,"149":7,"150":7,"151":18,"153":5,"154":5,"155":5,"156":20,"157":1,"158":1,"159":20,"161":5,"162":5,"163":1,"164":1,"165":1,"166":1,"168":5,"169":5,"171":1,"172":2,"173":2,"174":2,"175":2},"branchMap":{"0":{"type":"branch","line":6,"loc":{"start":{"line":6,"column":21},"end":{"line":9,"column":2}},"locations":[{"start":{"line":6,"column":21},"end":{"line":9,"column":2}}]},"1":{"type":"branch","line":8,"loc":{"start":{"line":8,"column":22},"end":{"line":8,"column":65}},"locations":[{"start":{"line":8,"column":22},"end":{"line":8,"column":65}}]},"2":{"type":"branch","line":12,"loc":{"start":{"line":12,"column":28},"end":{"line":29,"column":2}},"locations":[{"start":{"line":12,"column":28},"end":{"line":29,"column":2}}]},"3":{"type":"branch","line":28,"loc":{"start":{"line":28,"column":25},"end":{"line":28,"column":31}},"locations":[{"start":{"line":28,"column":25},"end":{"line":28,"column":31}}]},"4":{"type":"branch","line":31,"loc":{"start":{"line":31,"column":27},"end":{"line":76,"column":2}},"locations":[{"start":{"line":31,"column":27},"end":{"line":76,"column":2}}]},"5":{"type":"branch","line":51,"loc":{"start":{"line":51,"column":31},"end":{"line":66,"column":3}},"locations":[{"start":{"line":51,"column":31},"end":{"line":66,"column":3}}]},"6":{"type":"branch","line":53,"loc":{"start":{"line":53,"column":43},"end":{"line":55,"column":5}},"locations":[{"start":{"line":53,"column":43},"end":{"line":55,"column":5}}]},"7":{"type":"branch","line":54,"loc":{"start":{"line":54,"column":27},"end":{"line":54,"column":56}},"locations":[{"start":{"line":54,"column":27},"end":{"line":54,"column":56}}]},"8":{"type":"branch","line":55,"loc":{"start":{"line":55,"column":4},"end":{"line":58,"column":34}},"locations":[{"start":{"line":55,"column":4},"end":{"line":58,"column":34}}]},"9":{"type":"branch","line":58,"loc":{"start":{"line":58,"column":22},"end":{"line":58,"column":49}},"locations":[{"start":{"line":58,"column":22},"end":{"line":58,"column":49}}]},"10":{"type":"branch","line":58,"loc":{"start":{"line":58,"column":49},"end":{"line":66,"column":3}},"locations":[{"start":{"line":58,"column":49},"end":{"line":66,"column":3}}]},"11":{"type":"branch","line":66,"loc":{"start":{"line":66,"column":2},"end":{"line":70,"column":19}},"locations":[{"start":{"line":66,"column":2},"end":{"line":70,"column":19}}]},"12":{"type":"branch","line":70,"loc":{"start":{"line":70,"column":19},"end":{"line":72,"column":3}},"locations":[{"start":{"line":70,"column":19},"end":{"line":72,"column":3}}]},"13":{"type":"branch","line":72,"loc":{"start":{"line":72,"column":2},"end":{"line":76,"column":2}},"locations":[{"start":{"line":72,"column":2},"end":{"line":76,"column":2}}]},"14":{"type":"branch","line":60,"loc":{"start":{"line":60,"column":45},"end":{"line":60,"column":71}},"locations":[{"start":{"line":60,"column":45},"end":{"line":60,"column":71}}]},"15":{"type":"branch","line":69,"loc":{"start":{"line":69,"column":52},"end":{"line":69,"column":84}},"locations":[{"start":{"line":69,"column":52},"end":{"line":69,"column":84}}]},"16":{"type":"branch","line":78,"loc":{"start":{"line":78,"column":36},"end":{"line":118,"column":2}},"locations":[{"start":{"line":78,"column":36},"end":{"line":118,"column":2}}]},"17":{"type":"branch","line":84,"loc":{"start":{"line":84,"column":31},"end":{"line":87,"column":3}},"locations":[{"start":{"line":84,"column":31},"end":{"line":87,"column":3}}]},"18":{"type":"branch","line":87,"loc":{"start":{"line":87,"column":2},"end":{"line":94,"column":46}},"locations":[{"start":{"line":87,"column":2},"end":{"line":94,"column":46}}]},"19":{"type":"branch","line":94,"loc":{"start":{"line":94,"column":46},"end":{"line":108,"column":3}},"locations":[{"start":{"line":94,"column":46},"end":{"line":108,"column":3}}]},"20":{"type":"branch","line":99,"loc":{"start":{"line":99,"column":22},"end":{"line":99,"column":64}},"locations":[{"start":{"line":99,"column":22},"end":{"line":99,"column":64}}]},"21":{"type":"branch","line":99,"loc":{"start":{"line":99,"column":64},"end":{"line":103,"column":11}},"locations":[{"start":{"line":99,"column":64},"end":{"line":103,"column":11}}]},"22":{"type":"branch","line":103,"loc":{"start":{"line":103,"column":4},"end":{"line":107,"column":5}},"locations":[{"start":{"line":103,"column":4},"end":{"line":107,"column":5}}]},"23":{"type":"branch","line":103,"loc":{"start":{"line":103,"column":39},"end":{"line":107,"column":5}},"locations":[{"start":{"line":103,"column":39},"end":{"line":107,"column":5}}]},"24":{"type":"branch","line":103,"loc":{"start":{"line":103,"column":39},"end":{"line":105,"column":11}},"locations":[{"start":{"line":103,"column":39},"end":{"line":105,"column":11}}]},"25":{"type":"branch","line":105,"loc":{"start":{"line":105,"column":4},"end":{"line":107,"column":5}},"locations":[{"start":{"line":105,"column":4},"end":{"line":107,"column":5}}]},"26":{"type":"branch","line":108,"loc":{"start":{"line":108,"column":2},"end":{"line":118,"column":2}},"locations":[{"start":{"line":108,"column":2},"end":{"line":118,"column":2}}]},"27":{"type":"branch","line":120,"loc":{"start":{"line":120,"column":30},"end":{"line":170,"column":2}},"locations":[{"start":{"line":120,"column":30},"end":{"line":170,"column":2}}]},"28":{"type":"branch","line":163,"loc":{"start":{"line":163,"column":31},"end":{"line":167,"column":3}},"locations":[{"start":{"line":163,"column":31},"end":{"line":167,"column":3}}]},"29":{"type":"branch","line":124,"loc":{"start":{"line":124,"column":17},"end":{"line":152,"column":5}},"locations":[{"start":{"line":124,"column":17},"end":{"line":152,"column":5}}]},"30":{"type":"branch","line":125,"loc":{"start":{"line":125,"column":23},"end":{"line":125,"column":30}},"locations":[{"start":{"line":125,"column":23},"end":{"line":125,"column":30}}]},"31":{"type":"branch","line":125,"loc":{"start":{"line":125,"column":23},"end":{"line":152,"column":5}},"locations":[{"start":{"line":125,"column":23},"end":{"line":152,"column":5}}]},"32":{"type":"branch","line":127,"loc":{"start":{"line":127,"column":25},"end":{"line":151,"column":7}},"locations":[{"start":{"line":127,"column":25},"end":{"line":151,"column":7}}]},"33":{"type":"branch","line":130,"loc":{"start":{"line":130,"column":28},"end":{"line":139,"column":15}},"locations":[{"start":{"line":130,"column":28},"end":{"line":139,"column":15}}]},"34":{"type":"branch","line":141,"loc":{"start":{"line":141,"column":23},"end":{"line":148,"column":13}},"locations":[{"start":{"line":141,"column":23},"end":{"line":148,"column":13}}]},"35":{"type":"branch","line":142,"loc":{"start":{"line":142,"column":40},"end":{"line":144,"column":13}},"locations":[{"start":{"line":142,"column":40},"end":{"line":144,"column":13}}]},"36":{"type":"branch","line":145,"loc":{"start":{"line":145,"column":30},"end":{"line":145,"column":61}},"locations":[{"start":{"line":145,"column":30},"end":{"line":145,"column":61}}]},"37":{"type":"branch","line":145,"loc":{"start":{"line":145,"column":61},"end":{"line":147,"column":13}},"locations":[{"start":{"line":145,"column":61},"end":{"line":147,"column":13}}]},"38":{"type":"branch","line":156,"loc":{"start":{"line":156,"column":17},"end":{"line":160,"column":5}},"locations":[{"start":{"line":156,"column":17},"end":{"line":160,"column":5}}]},"39":{"type":"branch","line":157,"loc":{"start":{"line":157,"column":22},"end":{"line":159,"column":5}},"locations":[{"start":{"line":157,"column":22},"end":{"line":159,"column":5}}]},"40":{"type":"branch","line":172,"loc":{"start":{"line":172,"column":28},"end":{"line":176,"column":2}},"locations":[{"start":{"line":172,"column":28},"end":{"line":176,"column":2}}]},"41":{"type":"branch","line":174,"loc":{"start":{"line":174,"column":42},"end":{"line":174,"column":71}},"locations":[{"start":{"line":174,"column":42},"end":{"line":174,"column":71}}]}},"b":{"0":[6],"1":[12],"2":[60],"3":[0],"4":[9],"5":[6],"6":[2],"7":[1],"8":[4],"9":[3],"10":[2],"11":[3],"12":[2],"13":[1],"14":[4],"15":[5],"16":[16],"17":[2],"18":[14],"19":[42],"20":[32],"21":[12],"22":[30],"23":[24],"24":[10],"25":[20],"26":[14],"27":[5],"28":[1],"29":[20],"30":[2],"31":[18],"32":[7],"33":[0],"34":[26],"35":[22],"36":[4],"37":[4],"38":[20],"39":[1],"40":[2],"41":[5]},"fnMap":{"0":{"name":"isFirstTrick","decl":{"start":{"line":6,"column":21},"end":{"line":9,"column":2}},"loc":{"start":{"line":6,"column":21},"end":{"line":9,"column":2}},"line":6},"1":{"name":"getCardValue","decl":{"start":{"line":12,"column":28},"end":{"line":29,"column":2}},"loc":{"start":{"line":12,"column":28},"end":{"line":29,"column":2}},"line":12},"2":{"name":"isValidMove","decl":{"start":{"line":31,"column":27},"end":{"line":76,"column":2}},"loc":{"start":{"line":31,"column":27},"end":{"line":76,"column":2}},"line":31},"3":{"name":"determineTrickWinner","decl":{"start":{"line":78,"column":36},"end":{"line":118,"column":2}},"loc":{"start":{"line":78,"column":36},"end":{"line":118,"column":2}},"line":78},"4":{"name":"calculateScore","decl":{"start":{"line":120,"column":30},"end":{"line":170,"column":2}},"loc":{"start":{"line":120,"column":30},"end":{"line":170,"column":2}},"line":120},"5":{"name":"checkGameEnd","decl":{"start":{"line":172,"column":28},"end":{"line":176,"column":2}},"loc":{"start":{"line":172,"column":28},"end":{"line":176,"column":2}},"line":172}},"f":{"0":6,"1":60,"2":9,"3":16,"4":5,"5":2}}
,"/Users/davekanter/Documents/Dave/hearts-vercel/client/src/cardOps/handSorter.js": {"path":"/Users/davekanter/Documents/Dave/hearts-vercel/client/src/cardOps/handSorter.js","all":true,"statementMap":{"0":{"start":{"line":1,"column":0},"end":{"line":1,"column":37}},"1":{"start":{"line":2,"column":0},"end":{"line":2,"column":14}},"3":{"start":{"line":4,"column":0},"end":{"line":4,"column":19}},"4":{"start":{"line":5,"column":0},"end":{"line":5,"column":6}},"5":{"start":{"line":6,"column":0},"end":{"line":6,"column":6}},"6":{"start":{"line":7,"column":0},"end":{"line":7,"column":6}},"7":{"start":{"line":8,"column":0},"end":{"line":8,"column":6}},"8":{"start":{"line":9,"column":0},"end":{"line":9,"column":6}},"9":{"start":{"line":10,"column":0},"end":{"line":10,"column":6}},"10":{"start":{"line":11,"column":0},"end":{"line":11,"column":6}},"11":{"start":{"line":12,"column":0},"end":{"line":12,"column":6}},"12":{"start":{"line":13,"column":0},"end":{"line":13,"column":7}},"13":{"start":{"line":14,"column":0},"end":{"line":14,"column":6}},"14":{"start":{"line":15,"column":0},"end":{"line":15,"column":6}},"15":{"start":{"line":16,"column":0},"end":{"line":16,"column":6}},"16":{"start":{"line":17,"column":0},"end":{"line":17,"column":6}},"17":{"start":{"line":18,"column":0},"end":{"line":18,"column":1}},"18":{"start":{"line":19,"column":0},"end":{"line":19,"column":59}},"20":{"start":{"line":21,"column":0},"end":{"line":21,"column":30}},"21":{"start":{"line":22,"column":0},"end":{"line":22,"column":78}},"22":{"start":{"line":23,"column":0},"end":{"line":23,"column":29}},"23":{"start":{"line":24,"column":0},"end":{"line":24,"column":25}},"24":{"start":{"line":25,"column":0},"end":{"line":25,"column":3}},"25":{"start":{"line":26,"column":0},"end":{"line":26,"column":62}},"26":{"start":{"line":27,"column":0},"end":{"line":27,"column":1}}},"s":{"0":0,"1":0,"3":0,"4":0,"5":0,"6":0,"7":0,"8":0,"9":0,"10":0,"11":0,"12":0,"13":0,"14":0,"15":0,"16":0,"17":0,"18":0,"20":0,"21":0,"22":0,"23":0,"24":0,"25":0,"26":0},"branchMap":{"0":{"type":"branch","line":1,"loc":{"start":{"line":1,"column":486},"end":{"line":29,"column":21}},"locations":[{"start":{"line":1,"column":486},"end":{"line":29,"column":21}}]}},"b":{"0":[0]},"fnMap":{"0":{"name":"(empty-report)","decl":{"start":{"line":1,"column":486},"end":{"line":29,"column":21}},"loc":{"start":{"line":1,"column":486},"end":{"line":29,"column":21}},"line":1}},"f":{"0":0}}
,"/Users/davekanter/Documents/Dave/hearts-vercel/client/src/cardOps/trickUtils.ts": {"path":"/Users/davekanter/Documents/Dave/hearts-vercel/client/src/cardOps/trickUtils.ts","all":false,"statementMap":{"1":{"start":{"line":2,"column":0},"end":{"line":2,"column":51}},"3":{"start":{"line":4,"column":0},"end":{"line":4,"column":3}},"7":{"start":{"line":8,"column":0},"end":{"line":8,"column":3}},"8":{"start":{"line":9,"column":0},"end":{"line":9,"column":78}},"9":{"start":{"line":10,"column":0},"end":{"line":10,"column":17}},"10":{"start":{"line":11,"column":0},"end":{"line":11,"column":39}},"11":{"start":{"line":12,"column":0},"end":{"line":12,"column":33}},"12":{"start":{"line":13,"column":0},"end":{"line":13,"column":18}},"13":{"start":{"line":14,"column":0},"end":{"line":14,"column":61}},"14":{"start":{"line":15,"column":0},"end":{"line":15,"column":19}},"15":{"start":{"line":16,"column":0},"end":{"line":16,"column":5}},"16":{"start":{"line":17,"column":0},"end":{"line":17,"column":5}},"17":{"start":{"line":18,"column":0},"end":{"line":18,"column":16}},"18":{"start":{"line":19,"column":0},"end":{"line":19,"column":2}},"20":{"start":{"line":21,"column":0},"end":{"line":21,"column":3}},"25":{"start":{"line":26,"column":0},"end":{"line":26,"column":3}},"26":{"start":{"line":27,"column":0},"end":{"line":27,"column":92}},"27":{"start":{"line":28,"column":0},"end":{"line":28,"column":47}},"28":{"start":{"line":29,"column":0},"end":{"line":29,"column":51}},"29":{"start":{"line":30,"column":0},"end":{"line":30,"column":80}},"30":{"start":{"line":31,"column":0},"end":{"line":31,"column":14}},"31":{"start":{"line":32,"column":0},"end":{"line":32,"column":5}},"33":{"start":{"line":34,"column":0},"end":{"line":34,"column":76}},"34":{"start":{"line":35,"column":0},"end":{"line":35,"column":72}},"36":{"start":{"line":37,"column":0},"end":{"line":37,"column":21}},"37":{"start":{"line":38,"column":0},"end":{"line":38,"column":2}}},"s":{"1":1,"3":1,"7":1,"8":1,"9":4,"10":4,"11":16,"12":5,"13":16,"14":2,"15":2,"16":16,"17":4,"18":4,"20":1,"25":1,"26":1,"27":7,"28":7,"29":7,"30":7,"31":7,"33":7,"34":7,"36":7,"37":7},"branchMap":{"0":{"type":"branch","line":9,"loc":{"start":{"line":9,"column":36},"end":{"line":19,"column":2}},"locations":[{"start":{"line":9,"column":36},"end":{"line":19,"column":2}}]},"1":{"type":"branch","line":11,"loc":{"start":{"line":11,"column":30},"end":{"line":17,"column":5}},"locations":[{"start":{"line":11,"column":30},"end":{"line":17,"column":5}}]},"2":{"type":"branch","line":12,"loc":{"start":{"line":12,"column":32},"end":{"line":14,"column":11}},"locations":[{"start":{"line":12,"column":32},"end":{"line":14,"column":11}}]},"3":{"type":"branch","line":14,"loc":{"start":{"line":14,"column":4},"end":{"line":16,"column":5}},"locations":[{"start":{"line":14,"column":4},"end":{"line":16,"column":5}}]},"4":{"type":"branch","line":14,"loc":{"start":{"line":14,"column":29},"end":{"line":14,"column":60}},"locations":[{"start":{"line":14,"column":29},"end":{"line":14,"column":60}}]},"5":{"type":"branch","line":14,"loc":{"start":{"line":14,"column":60},"end":{"line":16,"column":5}},"locations":[{"start":{"line":14,"column":60},"end":{"line":16,"column":5}}]},"6":{"type":"branch","line":27,"loc":{"start":{"line":27,"column":30},"end":{"line":38,"column":2}},"locations":[{"start":{"line":27,"column":30},"end":{"line":38,"column":2}}]},"7":{"type":"branch","line":30,"loc":{"start":{"line":30,"column":40},"end":{"line":30,"column":78}},"locations":[{"start":{"line":30,"column":40},"end":{"line":30,"column":78}}]}},"b":{"0":[4],"1":[16],"2":[5],"3":[11],"4":[2],"5":[2],"6":[7],"7":[27]},"fnMap":{"0":{"name":"calculateTrickPoints","decl":{"start":{"line":9,"column":36},"end":{"line":19,"column":2}},"loc":{"start":{"line":9,"column":36},"end":{"line":19,"column":2}},"line":9},"1":{"name":"getTrickWinner","decl":{"start":{"line":27,"column":30},"end":{"line":38,"column":2}},"loc":{"start":{"line":27,"column":30},"end":{"line":38,"column":2}},"line":27}},"f":{"0":4,"1":7}}
,"/Users/davekanter/Documents/Dave/hearts-vercel/client/src/components/Card/Card.tsx": {"path":"/Users/davekanter/Documents/Dave/hearts-vercel/client/src/components/Card/Card.tsx","all":false,"statementMap":{"0":{"start":{"line":1,"column":0},"end":{"line":1,"column":25}},"2":{"start":{"line":3,"column":0},"end":{"line":3,"column":19}},"12":{"start":{"line":13,"column":0},"end":{"line":13,"column":92}},"13":{"start":{"line":14,"column":0},"end":{"line":14,"column":49}},"14":{"start":{"line":15,"column":0},"end":{"line":15,"column":19}},"15":{"start":{"line":16,"column":0},"end":{"line":16,"column":20}},"16":{"start":{"line":17,"column":0},"end":{"line":17,"column":19}},"17":{"start":{"line":18,"column":0},"end":{"line":18,"column":22}},"18":{"start":{"line":19,"column":0},"end":{"line":19,"column":19}},"19":{"start":{"line":20,"column":0},"end":{"line":20,"column":19}},"20":{"start":{"line":21,"column":0},"end":{"line":21,"column":19}},"21":{"start":{"line":22,"column":0},"end":{"line":22,"column":20}},"22":{"start":{"line":23,"column":0},"end":{"line":23,"column":19}},"23":{"start":{"line":24,"column":0},"end":{"line":24,"column":14}},"24":{"start":{"line":25,"column":0},"end":{"line":25,"column":18}},"25":{"start":{"line":26,"column":0},"end":{"line":26,"column":5}},"26":{"start":{"line":27,"column":0},"end":{"line":27,"column":3}},"28":{"start":{"line":29,"column":0},"end":{"line":29,"column":48}},"29":{"start":{"line":30,"column":0},"end":{"line":30,"column":69}},"30":{"start":{"line":31,"column":0},"end":{"line":31,"column":3}},"32":{"start":{"line":33,"column":0},"end":{"line":33,"column":40}},"33":{"start":{"line":34,"column":0},"end":{"line":34,"column":34}},"34":{"start":{"line":35,"column":0},"end":{"line":35,"column":59}},"36":{"start":{"line":37,"column":0},"end":{"line":37,"column":10}},"37":{"start":{"line":38,"column":0},"end":{"line":38,"column":9}},"38":{"start":{"line":39,"column":0},"end":{"line":39,"column":78}},"39":{"start":{"line":40,"column":0},"end":{"line":40,"column":23}},"40":{"start":{"line":41,"column":0},"end":{"line":41,"column":33}},"41":{"start":{"line":42,"column":0},"end":{"line":42,"column":33}},"42":{"start":{"line":43,"column":0},"end":{"line":43,"column":24}},"43":{"start":{"line":44,"column":0},"end":{"line":44,"column":19}},"45":{"start":{"line":46,"column":0},"end":{"line":46,"column":74}},"46":{"start":{"line":47,"column":0},"end":{"line":47,"column":47}},"47":{"start":{"line":48,"column":0},"end":{"line":48,"column":53}},"49":{"start":{"line":50,"column":0},"end":{"line":50,"column":53}},"50":{"start":{"line":51,"column":0},"end":{"line":51,"column":82}},"51":{"start":{"line":52,"column":0},"end":{"line":52,"column":47}},"52":{"start":{"line":53,"column":0},"end":{"line":53,"column":53}},"56":{"start":{"line":57,"column":0},"end":{"line":57,"column":1}},"58":{"start":{"line":59,"column":0},"end":{"line":59,"column":19}}},"s":{"0":1,"2":1,"12":1,"13":32,"14":32,"15":32,"16":13,"17":32,"18":5,"19":32,"20":10,"21":32,"22":4,"23":32,"24":0,"25":32,"26":32,"28":32,"29":32,"30":32,"32":32,"33":32,"34":32,"36":32,"37":32,"38":32,"39":32,"40":32,"41":32,"42":32,"43":32,"45":32,"46":32,"47":32,"49":32,"50":32,"51":32,"52":32,"56":32,"58":1},"branchMap":{"0":{"type":"branch","line":13,"loc":{"start":{"line":13,"column":34},"end":{"line":57,"column":1}},"locations":[{"start":{"line":13,"column":34},"end":{"line":57,"column":1}}]},"1":{"type":"branch","line":35,"loc":{"start":{"line":35,"column":35},"end":{"line":35,"column":59}},"locations":[{"start":{"line":35,"column":35},"end":{"line":35,"column":59}}]},"2":{"type":"branch","line":39,"loc":{"start":{"line":39,"column":34},"end":{"line":39,"column":72}},"locations":[{"start":{"line":39,"column":34},"end":{"line":39,"column":72}}]},"3":{"type":"branch","line":39,"loc":{"start":{"line":39,"column":52},"end":{"line":39,"column":76}},"locations":[{"start":{"line":39,"column":52},"end":{"line":39,"column":76}}]},"4":{"type":"branch","line":14,"loc":{"start":{"line":14,"column":24},"end":{"line":27,"column":3}},"locations":[{"start":{"line":14,"column":24},"end":{"line":27,"column":3}}]},"5":{"type":"branch","line":16,"loc":{"start":{"line":16,"column":6},"end":{"line":17,"column":19}},"locations":[{"start":{"line":16,"column":6},"end":{"line":17,"column":19}}]},"6":{"type":"branch","line":18,"loc":{"start":{"line":18,"column":6},"end":{"line":19,"column":19}},"locations":[{"start":{"line":18,"column":6},"end":{"line":19,"column":19}}]},"7":{"type":"branch","line":20,"loc":{"start":{"line":20,"column":6},"end":{"line":21,"column":19}},"locations":[{"start":{"line":20,"column":6},"end":{"line":21,"column":19}}]},"8":{"type":"branch","line":22,"loc":{"start":{"line":22,"column":6},"end":{"line":23,"column":19}},"locations":[{"start":{"line":22,"column":6},"end":{"line":23,"column":19}}]},"9":{"type":"branch","line":24,"loc":{"start":{"line":24,"column":6},"end":{"line":25,"column":18}},"locations":[{"start":{"line":24,"column":6},"end":{"line":25,"column":18}}]},"10":{"type":"branch","line":29,"loc":{"start":{"line":29,"column":23},"end":{"line":31,"column":3}},"locations":[{"start":{"line":29,"column":23},"end":{"line":31,"column":3}}]},"11":{"type":"branch","line":30,"loc":{"start":{"line":30,"column":20},"end":{"line":30,"column":54}},"locations":[{"start":{"line":30,"column":20},"end":{"line":30,"column":54}}]},"12":{"type":"branch","line":30,"loc":{"start":{"line":30,"column":41},"end":{"line":30,"column":62}},"locations":[{"start":{"line":30,"column":41},"end":{"line":30,"column":62}}]},"13":{"type":"branch","line":30,"loc":{"start":{"line":30,"column":54},"end":{"line":30,"column":69}},"locations":[{"start":{"line":30,"column":54},"end":{"line":30,"column":69}}]}},"b":{"0":[32],"1":[4],"2":[2],"3":[30],"4":[32],"5":[13],"6":[5],"7":[10],"8":[4],"9":[0],"10":[32],"11":[19],"12":[18],"13":[14]},"fnMap":{"0":{"name":"Card","decl":{"start":{"line":13,"column":34},"end":{"line":57,"column":1}},"loc":{"start":{"line":13,"column":34},"end":{"line":57,"column":1}},"line":13},"1":{"name":"getSuitSymbol","decl":{"start":{"line":14,"column":24},"end":{"line":27,"column":3}},"loc":{"start":{"line":14,"column":24},"end":{"line":27,"column":3}},"line":14},"2":{"name":"getSuitColor","decl":{"start":{"line":29,"column":23},"end":{"line":31,"column":3}},"loc":{"start":{"line":29,"column":23},"end":{"line":31,"column":3}},"line":29}},"f":{"0":32,"1":32,"2":32}}
,"/Users/davekanter/Documents/Dave/hearts-vercel/client/src/components/Debug/GameStateDebug.tsx": {"path":"/Users/davekanter/Documents/Dave/hearts-vercel/client/src/components/Debug/GameStateDebug.tsx","all":true,"statementMap":{"0":{"start":{"line":1,"column":0},"end":{"line":1,"column":26}},"1":{"start":{"line":2,"column":0},"end":{"line":2,"column":32}},"2":{"start":{"line":3,"column":0},"end":{"line":3,"column":8}},"17":{"start":{"line":18,"column":0},"end":{"line":18,"column":40}},"18":{"start":{"line":19,"column":0},"end":{"line":19,"column":39}},"19":{"start":{"line":20,"column":0},"end":{"line":20,"column":49}},"20":{"start":{"line":21,"column":0},"end":{"line":21,"column":49}},"21":{"start":{"line":22,"column":0},"end":{"line":22,"column":43}},"22":{"start":{"line":23,"column":0},"end":{"line":23,"column":47}},"23":{"start":{"line":24,"column":0},"end":{"line":24,"column":51}},"24":{"start":{"line":25,"column":0},"end":{"line":25,"column":39}},"25":{"start":{"line":26,"column":0},"end":{"line":26,"column":47}},"26":{"start":{"line":27,"column":0},"end":{"line":27,"column":49}},"27":{"start":{"line":28,"column":0},"end":{"line":28,"column":49}},"28":{"start":{"line":29,"column":0},"end":{"line":29,"column":51}},"29":{"start":{"line":30,"column":0},"end":{"line":30,"column":45}},"30":{"start":{"line":31,"column":0},"end":{"line":31,"column":63}},"32":{"start":{"line":33,"column":0},"end":{"line":33,"column":43}},"33":{"start":{"line":34,"column":0},"end":{"line":34,"column":22}},"34":{"start":{"line":35,"column":0},"end":{"line":35,"column":19}},"35":{"start":{"line":36,"column":0},"end":{"line":36,"column":18}},"36":{"start":{"line":37,"column":0},"end":{"line":37,"column":42}},"37":{"start":{"line":38,"column":0},"end":{"line":38,"column":19}},"38":{"start":{"line":39,"column":0},"end":{"line":39,"column":20}},"39":{"start":{"line":40,"column":0},"end":{"line":40,"column":24}},"40":{"start":{"line":41,"column":0},"end":{"line":41,"column":22}},"41":{"start":{"line":42,"column":0},"end":{"line":42,"column":22}},"42":{"start":{"line":43,"column":0},"end":{"line":43,"column":21}},"43":{"start":{"line":44,"column":0},"end":{"line":44,"column":17}},"44":{"start":{"line":45,"column":0},"end":{"line":45,"column":21}},"45":{"start":{"line":46,"column":0},"end":{"line":46,"column":27}},"46":{"start":{"line":47,"column":0},"end":{"line":47,"column":4}},"48":{"start":{"line":49,"column":0},"end":{"line":49,"column":29}},"49":{"start":{"line":50,"column":0},"end":{"line":50,"column":62}},"50":{"start":{"line":51,"column":0},"end":{"line":51,"column":21}},"51":{"start":{"line":52,"column":0},"end":{"line":52,"column":88}},"52":{"start":{"line":53,"column":0},"end":{"line":53,"column":5}},"53":{"start":{"line":54,"column":0},"end":{"line":54,"column":4}},"55":{"start":{"line":56,"column":0},"end":{"line":56,"column":10}},"56":{"start":{"line":57,"column":0},"end":{"line":57,"column":9}},"57":{"start":{"line":58,"column":0},"end":{"line":58,"column":14}},"58":{"start":{"line":59,"column":0},"end":{"line":59,"column":29}},"59":{"start":{"line":60,"column":0},"end":{"line":60,"column":16}},"60":{"start":{"line":61,"column":0},"end":{"line":61,"column":28}},"61":{"start":{"line":62,"column":0},"end":{"line":62,"column":25}},"62":{"start":{"line":63,"column":0},"end":{"line":63,"column":24}},"63":{"start":{"line":64,"column":0},"end":{"line":64,"column":23}},"64":{"start":{"line":65,"column":0},"end":{"line":65,"column":37}},"65":{"start":{"line":66,"column":0},"end":{"line":66,"column":25}},"66":{"start":{"line":67,"column":0},"end":{"line":67,"column":25}},"67":{"start":{"line":68,"column":0},"end":{"line":68,"column":30}},"68":{"start":{"line":69,"column":0},"end":{"line":69,"column":30}},"69":{"start":{"line":70,"column":0},"end":{"line":70,"column":27}},"70":{"start":{"line":71,"column":0},"end":{"line":71,"column":10}},"71":{"start":{"line":72,"column":0},"end":{"line":72,"column":7}},"74":{"start":{"line":75,"column":0},"end":{"line":75,"column":69}},"75":{"start":{"line":76,"column":0},"end":{"line":76,"column":33}},"76":{"start":{"line":77,"column":0},"end":{"line":77,"column":13}},"77":{"start":{"line":78,"column":0},"end":{"line":78,"column":50}},"79":{"start":{"line":80,"column":0},"end":{"line":80,"column":13}},"80":{"start":{"line":81,"column":0},"end":{"line":81,"column":56}},"82":{"start":{"line":83,"column":0},"end":{"line":83,"column":13}},"83":{"start":{"line":84,"column":0},"end":{"line":84,"column":116}},"85":{"start":{"line":86,"column":0},"end":{"line":86,"column":13}},"86":{"start":{"line":87,"column":0},"end":{"line":87,"column":52}},"88":{"start":{"line":89,"column":0},"end":{"line":89,"column":13}},"89":{"start":{"line":90,"column":0},"end":{"line":90,"column":63}},"91":{"start":{"line":92,"column":0},"end":{"line":92,"column":13}},"92":{"start":{"line":93,"column":0},"end":{"line":93,"column":71}},"94":{"start":{"line":95,"column":0},"end":{"line":95,"column":13}},"95":{"start":{"line":96,"column":0},"end":{"line":96,"column":70}},"97":{"start":{"line":98,"column":0},"end":{"line":98,"column":13}},"98":{"start":{"line":99,"column":0},"end":{"line":99,"column":70}},"100":{"start":{"line":101,"column":0},"end":{"line":101,"column":13}},"101":{"start":{"line":102,"column":0},"end":{"line":102,"column":40}},"102":{"start":{"line":103,"column":0},"end":{"line":103,"column":58}},"104":{"start":{"line":105,"column":0},"end":{"line":105,"column":13}},"105":{"start":{"line":106,"column":0},"end":{"line":106,"column":49}},"106":{"start":{"line":107,"column":0},"end":{"line":107,"column":66}},"108":{"start":{"line":109,"column":0},"end":{"line":109,"column":13}},"109":{"start":{"line":110,"column":0},"end":{"line":110,"column":40}},"110":{"start":{"line":111,"column":0},"end":{"line":111,"column":59}},"112":{"start":{"line":113,"column":0},"end":{"line":113,"column":13}},"113":{"start":{"line":114,"column":0},"end":{"line":114,"column":42}},"114":{"start":{"line":115,"column":0},"end":{"line":115,"column":54}},"119":{"start":{"line":120,"column":0},"end":{"line":120,"column":2}},"121":{"start":{"line":122,"column":0},"end":{"line":122,"column":30}}},"s":{"0":0,"1":0,"2":0,"17":0,"18":0,"19":0,"20":0,"21":0,"22":0,"23":0,"24":0,"25":0,"26":0,"27":0,"28":0,"29":0,"30":0,"32":0,"33":0,"34":0,"35":0,"36":0,"37":0,"38":0,"39":0,"40":0,"41":0,"42":0,"43":0,"44":0,"45":0,"46":0,"48":0,"49":0,"50":0,"51":0,"52":0,"53":0,"55":0,"56":0,"57":0,"58":0,"59":0,"60":0,"61":0,"62":0,"63":0,"64":0,"65":0,"66":0,"67":0,"68":0,"69":0,"70":0,"71":0,"74":0,"75":0,"76":0,"77":0,"79":0,"80":0,"82":0,"83":0,"85":0,"86":0,"88":0,"89":0,"91":0,"92":0,"94":0,"95":0,"97":0,"98":0,"100":0,"101":0,"102":0,"104":0,"105":0,"106":0,"108":0,"109":0,"110":0,"112":0,"113":0,"114":0,"119":0,"121":0},"branchMap":{"0":{"type":"branch","line":1,"loc":{"start":{"line":1,"column":3470},"end":{"line":122,"column":30}},"locations":[{"start":{"line":1,"column":3470},"end":{"line":122,"column":30}}]}},"b":{"0":[0]},"fnMap":{"0":{"name":"(empty-report)","decl":{"start":{"line":1,"column":3470},"end":{"line":122,"column":30}},"loc":{"start":{"line":1,"column":3470},"end":{"line":122,"column":30}},"line":1}},"f":{"0":0}}
,"/Users/davekanter/Documents/Dave/hearts-vercel/client/src/components/Game/Game.tsx": {"path":"/Users/davekanter/Documents/Dave/hearts-vercel/client/src/components/Game/Game.tsx","all":false,"statementMap":{"0":{"start":{"line":1,"column":0},"end":{"line":1,"column":34}},"1":{"start":{"line":2,"column":0},"end":{"line":2,"column":66}},"2":{"start":{"line":3,"column":0},"end":{"line":3,"column":32}},"3":{"start":{"line":4,"column":0},"end":{"line":4,"column":158}},"4":{"start":{"line":5,"column":0},"end":{"line":5,"column":60}},"5":{"start":{"line":6,"column":0},"end":{"line":6,"column":63}},"6":{"start":{"line":7,"column":0},"end":{"line":7,"column":20}},"8":{"start":{"line":9,"column":0},"end":{"line":9,"column":20}},"9":{"start":{"line":10,"column":0},"end":{"line":10,"column":30}},"10":{"start":{"line":11,"column":0},"end":{"line":11,"column":49}},"11":{"start":{"line":12,"column":0},"end":{"line":12,"column":49}},"12":{"start":{"line":13,"column":0},"end":{"line":13,"column":43}},"13":{"start":{"line":14,"column":0},"end":{"line":14,"column":44}},"14":{"start":{"line":15,"column":0},"end":{"line":15,"column":45}},"15":{"start":{"line":16,"column":0},"end":{"line":16,"column":57}},"16":{"start":{"line":17,"column":0},"end":{"line":17,"column":67}},"18":{"start":{"line":19,"column":0},"end":{"line":19,"column":49}},"19":{"start":{"line":20,"column":0},"end":{"line":20,"column":61}},"21":{"start":{"line":22,"column":0},"end":{"line":22,"column":26}},"22":{"start":{"line":23,"column":0},"end":{"line":23,"column":19}},"23":{"start":{"line":24,"column":0},"end":{"line":24,"column":113}},"24":{"start":{"line":25,"column":0},"end":{"line":25,"column":82}},"25":{"start":{"line":26,"column":0},"end":{"line":26,"column":27}},"26":{"start":{"line":27,"column":0},"end":{"line":27,"column":5}},"27":{"start":{"line":28,"column":0},"end":{"line":28,"column":100}},"29":{"start":{"line":30,"column":0},"end":{"line":30,"column":22}},"30":{"start":{"line":31,"column":0},"end":{"line":31,"column":19}},"31":{"start":{"line":32,"column":0},"end":{"line":32,"column":60}},"32":{"start":{"line":33,"column":0},"end":{"line":33,"column":20}},"34":{"start":{"line":35,"column":0},"end":{"line":35,"column":19}},"35":{"start":{"line":36,"column":0},"end":{"line":36,"column":60}},"36":{"start":{"line":37,"column":0},"end":{"line":37,"column":20}},"38":{"start":{"line":39,"column":0},"end":{"line":39,"column":19}},"39":{"start":{"line":40,"column":0},"end":{"line":40,"column":56}},"40":{"start":{"line":41,"column":0},"end":{"line":41,"column":18}},"42":{"start":{"line":43,"column":0},"end":{"line":43,"column":22}},"43":{"start":{"line":44,"column":0},"end":{"line":44,"column":66}},"44":{"start":{"line":45,"column":0},"end":{"line":45,"column":23}},"46":{"start":{"line":47,"column":0},"end":{"line":47,"column":22}},"47":{"start":{"line":48,"column":0},"end":{"line":48,"column":96}},"48":{"start":{"line":49,"column":0},"end":{"line":49,"column":87}},"49":{"start":{"line":50,"column":0},"end":{"line":50,"column":42}},"51":{"start":{"line":52,"column":0},"end":{"line":52,"column":65}},"53":{"start":{"line":54,"column":0},"end":{"line":54,"column":10}},"54":{"start":{"line":55,"column":0},"end":{"line":55,"column":26}},"55":{"start":{"line":56,"column":0},"end":{"line":56,"column":24}},"56":{"start":{"line":57,"column":0},"end":{"line":57,"column":35}},"57":{"start":{"line":58,"column":0},"end":{"line":58,"column":23}},"58":{"start":{"line":59,"column":0},"end":{"line":59,"column":35}},"59":{"start":{"line":60,"column":0},"end":{"line":60,"column":23}},"60":{"start":{"line":61,"column":0},"end":{"line":61,"column":39}},"61":{"start":{"line":62,"column":0},"end":{"line":62,"column":33}},"62":{"start":{"line":63,"column":0},"end":{"line":63,"column":38}},"63":{"start":{"line":64,"column":0},"end":{"line":64,"column":38}},"64":{"start":{"line":65,"column":0},"end":{"line":65,"column":20}},"65":{"start":{"line":66,"column":0},"end":{"line":66,"column":43}},"66":{"start":{"line":67,"column":0},"end":{"line":67,"column":50}},"67":{"start":{"line":68,"column":0},"end":{"line":68,"column":50}},"68":{"start":{"line":69,"column":0},"end":{"line":69,"column":50}},"71":{"start":{"line":72,"column":0},"end":{"line":72,"column":67}},"75":{"start":{"line":76,"column":0},"end":{"line":76,"column":73}},"76":{"start":{"line":77,"column":0},"end":{"line":77,"column":40}},"77":{"start":{"line":78,"column":0},"end":{"line":78,"column":41}},"78":{"start":{"line":79,"column":0},"end":{"line":79,"column":62}},"79":{"start":{"line":80,"column":0},"end":{"line":80,"column":67}},"83":{"start":{"line":84,"column":0},"end":{"line":84,"column":19}},"86":{"start":{"line":87,"column":0},"end":{"line":87,"column":63}},"87":{"start":{"line":88,"column":0},"end":{"line":88,"column":24}},"91":{"start":{"line":92,"column":0},"end":{"line":92,"column":2}},"93":{"start":{"line":94,"column":0},"end":{"line":94,"column":20}}},"s":{"0":1,"1":1,"2":1,"3":1,"4":1,"5":1,"6":1,"8":1,"9":16,"10":16,"11":16,"12":16,"13":16,"14":16,"15":16,"16":16,"18":16,"19":16,"21":16,"22":16,"23":13,"24":1,"25":1,"26":1,"27":16,"29":16,"30":16,"31":10,"32":16,"34":16,"35":14,"36":16,"38":16,"39":11,"40":16,"42":16,"43":16,"44":16,"46":16,"47":16,"48":16,"49":16,"51":16,"53":16,"54":16,"55":16,"56":16,"57":16,"58":16,"59":16,"60":2,"61":2,"62":2,"63":2,"64":2,"65":2,"66":2,"67":2,"68":2,"71":2,"75":16,"76":10,"77":10,"78":10,"79":10,"83":10,"86":16,"87":16,"91":16,"93":1},"branchMap":{"0":{"type":"branch","line":9,"loc":{"start":{"line":9,"column":13},"end":{"line":92,"column":2}},"locations":[{"start":{"line":9,"column":13},"end":{"line":92,"column":2}}]},"1":{"type":"branch","line":60,"loc":{"start":{"line":60,"column":11},"end":{"line":76,"column":26}},"locations":[{"start":{"line":60,"column":11},"end":{"line":76,"column":26}}]},"2":{"type":"branch","line":76,"loc":{"start":{"line":76,"column":14},"end":{"line":84,"column":19}},"locations":[{"start":{"line":76,"column":14},"end":{"line":84,"column":19}}]},"3":{"type":"branch","line":76,"loc":{"start":{"line":76,"column":68},"end":{"line":84,"column":19}},"locations":[{"start":{"line":76,"column":68},"end":{"line":84,"column":19}}]},"4":{"type":"branch","line":84,"loc":{"start":{"line":84,"column":14},"end":{"line":84,"column":19}},"locations":[{"start":{"line":84,"column":14},"end":{"line":84,"column":19}}]},"5":{"type":"branch","line":23,"loc":{"start":{"line":23,"column":12},"end":{"line":28,"column":5}},"locations":[{"start":{"line":23,"column":12},"end":{"line":28,"column":5}}]},"6":{"type":"branch","line":24,"loc":{"start":{"line":24,"column":24},"end":{"line":24,"column":42}},"locations":[{"start":{"line":24,"column":24},"end":{"line":24,"column":42}}]},"7":{"type":"branch","line":24,"loc":{"start":{"line":24,"column":30},"end":{"line":24,"column":62}},"locations":[{"start":{"line":24,"column":30},"end":{"line":24,"column":62}}]},"8":{"type":"branch","line":24,"loc":{"start":{"line":24,"column":43},"end":{"line":24,"column":87}},"locations":[{"start":{"line":24,"column":43},"end":{"line":24,"column":87}}]},"9":{"type":"branch","line":24,"loc":{"start":{"line":24,"column":63},"end":{"line":24,"column":112}},"locations":[{"start":{"line":24,"column":63},"end":{"line":24,"column":112}}]},"10":{"type":"branch","line":24,"loc":{"start":{"line":24,"column":112},"end":{"line":27,"column":5}},"locations":[{"start":{"line":24,"column":112},"end":{"line":27,"column":5}}]},"11":{"type":"branch","line":31,"loc":{"start":{"line":31,"column":12},"end":{"line":33,"column":5}},"locations":[{"start":{"line":31,"column":12},"end":{"line":33,"column":5}}]},"12":{"type":"branch","line":35,"loc":{"start":{"line":35,"column":12},"end":{"line":37,"column":5}},"locations":[{"start":{"line":35,"column":12},"end":{"line":37,"column":5}}]},"13":{"type":"branch","line":39,"loc":{"start":{"line":39,"column":12},"end":{"line":41,"column":5}},"locations":[{"start":{"line":39,"column":12},"end":{"line":41,"column":5}}]}},"b":{"0":[16],"1":[2],"2":[14],"3":[10],"4":[4],"5":[13],"6":[2],"7":[2],"8":[2],"9":[2],"10":[1],"11":[10],"12":[14],"13":[11]},"fnMap":{"0":{"name":"Game","decl":{"start":{"line":9,"column":13},"end":{"line":92,"column":2}},"loc":{"start":{"line":9,"column":13},"end":{"line":92,"column":2}},"line":9}},"f":{"0":16}}
,"/Users/davekanter/Documents/Dave/hearts-vercel/client/src/components/Player/Player.tsx": {"path":"/Users/davekanter/Documents/Dave/hearts-vercel/client/src/components/Player/Player.tsx","all":false,"statementMap":{"0":{"start":{"line":1,"column":0},"end":{"line":1,"column":25}},"1":{"start":{"line":2,"column":0},"end":{"line":2,"column":21}},"9":{"start":{"line":10,"column":0},"end":{"line":10,"column":75}},"10":{"start":{"line":11,"column":0},"end":{"line":11,"column":10}},"11":{"start":{"line":12,"column":0},"end":{"line":12,"column":47}},"12":{"start":{"line":13,"column":0},"end":{"line":13,"column":39}},"13":{"start":{"line":14,"column":0},"end":{"line":14,"column":41}},"14":{"start":{"line":15,"column":0},"end":{"line":15,"column":49}},"15":{"start":{"line":16,"column":0},"end":{"line":16,"column":69}},"19":{"start":{"line":20,"column":0},"end":{"line":20,"column":1}},"21":{"start":{"line":22,"column":0},"end":{"line":22,"column":21}}},"s":{"0":1,"1":1,"9":1,"10":20,"11":20,"12":20,"13":20,"14":20,"15":20,"19":20,"21":1},"branchMap":{"0":{"type":"branch","line":10,"loc":{"start":{"line":10,"column":38},"end":{"line":20,"column":1}},"locations":[{"start":{"line":10,"column":38},"end":{"line":20,"column":1}}]}},"b":{"0":[20]},"fnMap":{"0":{"name":"Player","decl":{"start":{"line":10,"column":38},"end":{"line":20,"column":1}},"loc":{"start":{"line":10,"column":38},"end":{"line":20,"column":1}},"line":10}},"f":{"0":20}}
,"/Users/davekanter/Documents/Dave/hearts-vercel/client/src/components/PlayerHand/PlayerHand.tsx": {"path":"/Users/davekanter/Documents/Dave/hearts-vercel/client/src/components/PlayerHand/PlayerHand.tsx","all":false,"statementMap":{"0":{"start":{"line":1,"column":0},"end":{"line":1,"column":25}},"2":{"start":{"line":3,"column":0},"end":{"line":3,"column":41}},"4":{"start":{"line":5,"column":0},"end":{"line":5,"column":25}},"12":{"start":{"line":13,"column":0},"end":{"line":13,"column":49}},"13":{"start":{"line":14,"column":0},"end":{"line":14,"column":14}},"14":{"start":{"line":15,"column":0},"end":{"line":15,"column":15}},"15":{"start":{"line":16,"column":0},"end":{"line":16,"column":80}},"16":{"start":{"line":17,"column":0},"end":{"line":17,"column":7}},"17":{"start":{"line":18,"column":0},"end":{"line":18,"column":35}},"18":{"start":{"line":19,"column":0},"end":{"line":19,"column":59}},"19":{"start":{"line":20,"column":0},"end":{"line":20,"column":47}},"20":{"start":{"line":21,"column":0},"end":{"line":21,"column":17}},"21":{"start":{"line":22,"column":0},"end":{"line":22,"column":20}},"22":{"start":{"line":23,"column":0},"end":{"line":23,"column":18}},"23":{"start":{"line":24,"column":0},"end":{"line":24,"column":17}},"24":{"start":{"line":25,"column":0},"end":{"line":25,"column":6}},"26":{"start":{"line":27,"column":0},"end":{"line":27,"column":28}},"27":{"start":{"line":28,"column":0},"end":{"line":28,"column":51}},"28":{"start":{"line":29,"column":0},"end":{"line":29,"column":5}},"30":{"start":{"line":31,"column":0},"end":{"line":31,"column":47}},"31":{"start":{"line":32,"column":0},"end":{"line":32,"column":69}},"32":{"start":{"line":33,"column":0},"end":{"line":33,"column":50}},"33":{"start":{"line":34,"column":0},"end":{"line":34,"column":6}},"35":{"start":{"line":36,"column":0},"end":{"line":36,"column":49}},"36":{"start":{"line":37,"column":0},"end":{"line":37,"column":5}},"38":{"start":{"line":39,"column":0},"end":{"line":39,"column":47}},"39":{"start":{"line":40,"column":0},"end":{"line":40,"column":49}},"40":{"start":{"line":41,"column":0},"end":{"line":41,"column":24}},"41":{"start":{"line":42,"column":0},"end":{"line":42,"column":5}},"42":{"start":{"line":43,"column":0},"end":{"line":43,"column":4}},"44":{"start":{"line":45,"column":0},"end":{"line":45,"column":10}},"45":{"start":{"line":46,"column":0},"end":{"line":46,"column":78}},"46":{"start":{"line":47,"column":0},"end":{"line":47,"column":46}},"47":{"start":{"line":48,"column":0},"end":{"line":48,"column":16}},"48":{"start":{"line":49,"column":0},"end":{"line":49,"column":14}},"49":{"start":{"line":50,"column":0},"end":{"line":50,"column":45}},"50":{"start":{"line":51,"column":0},"end":{"line":51,"column":110}},"51":{"start":{"line":52,"column":0},"end":{"line":52,"column":38}},"52":{"start":{"line":53,"column":0},"end":{"line":53,"column":21}},"53":{"start":{"line":54,"column":0},"end":{"line":54,"column":53}},"54":{"start":{"line":55,"column":0},"end":{"line":55,"column":32}},"55":{"start":{"line":56,"column":0},"end":{"line":56,"column":105}},"56":{"start":{"line":57,"column":0},"end":{"line":57,"column":46}},"57":{"start":{"line":58,"column":0},"end":{"line":58,"column":14}},"59":{"start":{"line":60,"column":0},"end":{"line":60,"column":17}},"60":{"start":{"line":61,"column":0},"end":{"line":61,"column":30}},"61":{"start":{"line":62,"column":0},"end":{"line":62,"column":30}},"62":{"start":{"line":63,"column":0},"end":{"line":63,"column":51}},"66":{"start":{"line":67,"column":0},"end":{"line":67,"column":9}},"69":{"start":{"line":70,"column":0},"end":{"line":70,"column":2}},"71":{"start":{"line":72,"column":0},"end":{"line":72,"column":26}}},"s":{"0":1,"2":1,"4":1,"12":1,"13":10,"14":10,"15":10,"16":10,"17":10,"18":10,"19":17,"20":17,"21":17,"22":17,"23":17,"24":17,"26":17,"27":17,"28":17,"30":0,"31":0,"32":0,"33":0,"35":0,"36":0,"38":10,"39":1,"40":1,"41":1,"42":1,"44":10,"45":10,"46":10,"47":16,"48":16,"49":16,"50":16,"51":16,"52":16,"53":16,"54":16,"55":16,"56":16,"57":16,"59":16,"60":16,"61":16,"62":16,"66":16,"69":10,"71":1},"branchMap":{"0":{"type":"branch","line":13,"loc":{"start":{"line":13,"column":46},"end":{"line":70,"column":2}},"locations":[{"start":{"line":13,"column":46},"end":{"line":70,"column":2}}]},"1":{"type":"branch","line":16,"loc":{"start":{"line":16,"column":19},"end":{"line":16,"column":29}},"locations":[{"start":{"line":16,"column":19},"end":{"line":16,"column":29}}]},"2":{"type":"branch","line":19,"loc":{"start":{"line":19,"column":48},"end":{"line":37,"column":5}},"locations":[{"start":{"line":19,"column":48},"end":{"line":37,"column":5}}]},"3":{"type":"branch","line":29,"loc":{"start":{"line":29,"column":4},"end":{"line":37,"column":5}},"locations":[{"start":{"line":29,"column":4},"end":{"line":37,"column":5}}]},"4":{"type":"branch","line":39,"loc":{"start":{"line":39,"column":26},"end":{"line":43,"column":4}},"locations":[{"start":{"line":39,"column":26},"end":{"line":43,"column":4}}]},"5":{"type":"branch","line":47,"loc":{"start":{"line":47,"column":28},"end":{"line":67,"column":9}},"locations":[{"start":{"line":47,"column":28},"end":{"line":67,"column":9}}]},"6":{"type":"branch","line":51,"loc":{"start":{"line":51,"column":72},"end":{"line":51,"column":93}},"locations":[{"start":{"line":51,"column":72},"end":{"line":51,"column":93}}]},"7":{"type":"branch","line":51,"loc":{"start":{"line":51,"column":80},"end":{"line":51,"column":109}},"locations":[{"start":{"line":51,"column":80},"end":{"line":51,"column":109}}]},"8":{"type":"branch","line":54,"loc":{"start":{"line":54,"column":34},"end":{"line":54,"column":48}},"locations":[{"start":{"line":54,"column":34},"end":{"line":54,"column":48}}]},"9":{"type":"branch","line":54,"loc":{"start":{"line":54,"column":38},"end":{"line":54,"column":53}},"locations":[{"start":{"line":54,"column":38},"end":{"line":54,"column":53}}]},"10":{"type":"branch","line":63,"loc":{"start":{"line":63,"column":23},"end":{"line":63,"column":51}},"locations":[{"start":{"line":63,"column":23},"end":{"line":63,"column":51}}]}},"b":{"0":[10],"1":[13],"2":[17],"3":[0],"4":[1],"5":[16],"6":[15],"7":[1],"8":[10],"9":[6],"10":[1]},"fnMap":{"0":{"name":"PlayerHand","decl":{"start":{"line":13,"column":46},"end":{"line":70,"column":2}},"loc":{"start":{"line":13,"column":46},"end":{"line":70,"column":2}},"line":13},"1":{"name":"isCardPlayable","decl":{"start":{"line":16,"column":19},"end":{"line":16,"column":29}},"loc":{"start":{"line":16,"column":19},"end":{"line":16,"column":29}},"line":16},"2":{"name":"handleCardClick","decl":{"start":{"line":39,"column":26},"end":{"line":43,"column":4}},"loc":{"start":{"line":39,"column":26},"end":{"line":43,"column":4}},"line":39},"3":{"name":"onClick","decl":{"start":{"line":63,"column":23},"end":{"line":63,"column":51}},"loc":{"start":{"line":63,"column":23},"end":{"line":63,"column":51}},"line":63}},"f":{"0":10,"1":13,"2":1,"3":1}}
,"/Users/davekanter/Documents/Dave/hearts-vercel/client/src/components/PlayingField/PlayingField.tsx": {"path":"/Users/davekanter/Documents/Dave/hearts-vercel/client/src/components/PlayingField/PlayingField.tsx","all":false,"statementMap":{"0":{"start":{"line":1,"column":0},"end":{"line":1,"column":26}},"1":{"start":{"line":2,"column":0},"end":{"line":2,"column":32}},"2":{"start":{"line":3,"column":0},"end":{"line":3,"column":175}},"3":{"start":{"line":4,"column":0},"end":{"line":4,"column":50}},"4":{"start":{"line":5,"column":0},"end":{"line":5,"column":38}},"5":{"start":{"line":6,"column":0},"end":{"line":6,"column":41}},"6":{"start":{"line":7,"column":0},"end":{"line":7,"column":56}},"8":{"start":{"line":9,"column":0},"end":{"line":9,"column":56}},"9":{"start":{"line":10,"column":0},"end":{"line":10,"column":28}},"17":{"start":{"line":18,"column":0},"end":{"line":18,"column":52}},"18":{"start":{"line":19,"column":0},"end":{"line":19,"column":31}},"19":{"start":{"line":20,"column":0},"end":{"line":20,"column":37}},"20":{"start":{"line":21,"column":0},"end":{"line":21,"column":7}},"21":{"start":{"line":22,"column":0},"end":{"line":22,"column":35}},"22":{"start":{"line":23,"column":0},"end":{"line":23,"column":83}},"24":{"start":{"line":25,"column":0},"end":{"line":25,"column":56}},"25":{"start":{"line":26,"column":0},"end":{"line":26,"column":57}},"26":{"start":{"line":27,"column":0},"end":{"line":27,"column":66}},"27":{"start":{"line":28,"column":0},"end":{"line":28,"column":39}},"28":{"start":{"line":29,"column":0},"end":{"line":29,"column":49}},"29":{"start":{"line":30,"column":0},"end":{"line":30,"column":47}},"30":{"start":{"line":31,"column":0},"end":{"line":31,"column":63}},"31":{"start":{"line":32,"column":0},"end":{"line":32,"column":57}},"32":{"start":{"line":33,"column":0},"end":{"line":33,"column":79}},"33":{"start":{"line":34,"column":0},"end":{"line":34,"column":44}},"34":{"start":{"line":35,"column":0},"end":{"line":35,"column":49}},"36":{"start":{"line":37,"column":0},"end":{"line":37,"column":41}},"38":{"start":{"line":39,"column":0},"end":{"line":39,"column":35}},"39":{"start":{"line":40,"column":0},"end":{"line":40,"column":24}},"40":{"start":{"line":41,"column":0},"end":{"line":41,"column":47}},"41":{"start":{"line":42,"column":0},"end":{"line":42,"column":46}},"42":{"start":{"line":43,"column":0},"end":{"line":43,"column":85}},"43":{"start":{"line":44,"column":0},"end":{"line":44,"column":5}},"44":{"start":{"line":45,"column":0},"end":{"line":45,"column":3}},"46":{"start":{"line":47,"column":0},"end":{"line":47,"column":39}},"47":{"start":{"line":48,"column":0},"end":{"line":48,"column":72}},"49":{"start":{"line":50,"column":0},"end":{"line":50,"column":10}},"50":{"start":{"line":51,"column":0},"end":{"line":51,"column":118}},"52":{"start":{"line":53,"column":0},"end":{"line":53,"column":20}},"53":{"start":{"line":54,"column":0},"end":{"line":54,"column":24}},"54":{"start":{"line":55,"column":0},"end":{"line":55,"column":34}},"55":{"start":{"line":56,"column":0},"end":{"line":56,"column":41}},"58":{"start":{"line":59,"column":0},"end":{"line":59,"column":34}},"59":{"start":{"line":60,"column":0},"end":{"line":60,"column":100}},"60":{"start":{"line":61,"column":0},"end":{"line":61,"column":71}},"62":{"start":{"line":63,"column":0},"end":{"line":63,"column":102}},"63":{"start":{"line":64,"column":0},"end":{"line":64,"column":72}},"65":{"start":{"line":66,"column":0},"end":{"line":66,"column":104}},"66":{"start":{"line":67,"column":0},"end":{"line":67,"column":73}},"70":{"start":{"line":71,"column":0},"end":{"line":71,"column":73}},"72":{"start":{"line":73,"column":0},"end":{"line":73,"column":70}},"73":{"start":{"line":74,"column":0},"end":{"line":74,"column":17}},"74":{"start":{"line":75,"column":0},"end":{"line":75,"column":91}},"75":{"start":{"line":76,"column":0},"end":{"line":76,"column":44}},"77":{"start":{"line":78,"column":0},"end":{"line":78,"column":92}},"81":{"start":{"line":82,"column":0},"end":{"line":82,"column":50}},"82":{"start":{"line":83,"column":0},"end":{"line":83,"column":53}},"83":{"start":{"line":84,"column":0},"end":{"line":84,"column":60}},"84":{"start":{"line":85,"column":0},"end":{"line":85,"column":39}},"85":{"start":{"line":86,"column":0},"end":{"line":86,"column":41}},"87":{"start":{"line":88,"column":0},"end":{"line":88,"column":62}},"89":{"start":{"line":90,"column":0},"end":{"line":90,"column":40}},"90":{"start":{"line":91,"column":0},"end":{"line":91,"column":41}},"91":{"start":{"line":92,"column":0},"end":{"line":92,"column":47}},"92":{"start":{"line":93,"column":0},"end":{"line":93,"column":42}},"93":{"start":{"line":94,"column":0},"end":{"line":94,"column":47}},"94":{"start":{"line":95,"column":0},"end":{"line":95,"column":40}},"95":{"start":{"line":96,"column":0},"end":{"line":96,"column":47}},"96":{"start":{"line":97,"column":0},"end":{"line":97,"column":41}},"97":{"start":{"line":98,"column":0},"end":{"line":98,"column":24}},"98":{"start":{"line":99,"column":0},"end":{"line":99,"column":41}},"99":{"start":{"line":100,"column":0},"end":{"line":100,"column":17}},"101":{"start":{"line":102,"column":0},"end":{"line":102,"column":34}},"102":{"start":{"line":103,"column":0},"end":{"line":103,"column":33}},"103":{"start":{"line":104,"column":0},"end":{"line":104,"column":100}},"104":{"start":{"line":105,"column":0},"end":{"line":105,"column":26}},"105":{"start":{"line":106,"column":0},"end":{"line":106,"column":30}},"106":{"start":{"line":107,"column":0},"end":{"line":107,"column":97}},"107":{"start":{"line":108,"column":0},"end":{"line":108,"column":26}},"108":{"start":{"line":109,"column":0},"end":{"line":109,"column":31}},"109":{"start":{"line":110,"column":0},"end":{"line":110,"column":97}},"110":{"start":{"line":111,"column":0},"end":{"line":111,"column":26}},"111":{"start":{"line":112,"column":0},"end":{"line":112,"column":32}},"112":{"start":{"line":113,"column":0},"end":{"line":113,"column":98}},"113":{"start":{"line":114,"column":0},"end":{"line":114,"column":26}},"114":{"start":{"line":115,"column":0},"end":{"line":115,"column":26}},"115":{"start":{"line":116,"column":0},"end":{"line":116,"column":61}},"116":{"start":{"line":117,"column":0},"end":{"line":117,"column":17}},"118":{"start":{"line":119,"column":0},"end":{"line":119,"column":24}},"119":{"start":{"line":120,"column":0},"end":{"line":120,"column":23}},"120":{"start":{"line":121,"column":0},"end":{"line":121,"column":69}},"121":{"start":{"line":122,"column":0},"end":{"line":122,"column":75}},"122":{"start":{"line":123,"column":0},"end":{"line":123,"column":44}},"123":{"start":{"line":124,"column":0},"end":{"line":124,"column":28}},"124":{"start":{"line":125,"column":0},"end":{"line":125,"column":43}},"125":{"start":{"line":126,"column":0},"end":{"line":126,"column":38}},"126":{"start":{"line":127,"column":0},"end":{"line":127,"column":22}},"128":{"start":{"line":129,"column":0},"end":{"line":129,"column":35}},"129":{"start":{"line":130,"column":0},"end":{"line":130,"column":39}},"130":{"start":{"line":131,"column":0},"end":{"line":131,"column":39}},"134":{"start":{"line":135,"column":0},"end":{"line":135,"column":17}},"137":{"start":{"line":138,"column":0},"end":{"line":138,"column":63}},"141":{"start":{"line":142,"column":0},"end":{"line":142,"column":105}},"142":{"start":{"line":143,"column":0},"end":{"line":143,"column":68}},"143":{"start":{"line":144,"column":0},"end":{"line":144,"column":22}},"144":{"start":{"line":145,"column":0},"end":{"line":145,"column":36}},"145":{"start":{"line":146,"column":0},"end":{"line":146,"column":38}},"146":{"start":{"line":147,"column":0},"end":{"line":147,"column":43}},"152":{"start":{"line":153,"column":0},"end":{"line":153,"column":1}},"154":{"start":{"line":155,"column":0},"end":{"line":155,"column":27}}},"s":{"0":1,"1":1,"2":1,"3":1,"4":1,"5":1,"6":1,"8":1,"9":1,"17":1,"18":10,"19":10,"20":10,"21":10,"22":10,"24":10,"25":10,"26":10,"27":10,"28":10,"29":10,"30":10,"31":10,"32":10,"33":10,"34":10,"36":10,"38":10,"39":10,"40":0,"41":0,"42":0,"43":0,"44":0,"46":10,"47":10,"49":10,"50":10,"52":10,"53":10,"54":10,"55":10,"58":10,"59":10,"60":10,"62":10,"63":10,"65":10,"66":10,"70":10,"72":10,"73":10,"74":10,"75":10,"77":10,"81":10,"82":2,"83":2,"84":4,"85":4,"87":4,"89":4,"90":2,"91":2,"92":2,"93":2,"94":0,"95":0,"96":0,"97":0,"98":0,"99":0,"101":4,"102":4,"103":2,"104":2,"105":4,"106":0,"107":0,"108":4,"109":2,"110":2,"111":4,"112":0,"113":0,"114":4,"115":0,"116":4,"118":4,"119":4,"120":4,"121":4,"122":4,"123":4,"124":4,"125":4,"126":4,"128":4,"129":4,"130":4,"134":4,"137":10,"141":10,"142":10,"143":10,"144":10,"145":10,"146":10,"152":10,"154":1},"branchMap":{"0":{"type":"branch","line":18,"loc":{"start":{"line":18,"column":50},"end":{"line":153,"column":1}},"locations":[{"start":{"line":18,"column":50},"end":{"line":153,"column":1}}]},"1":{"type":"branch","line":37,"loc":{"start":{"line":37,"column":35},"end":{"line":37,"column":41}},"locations":[{"start":{"line":37,"column":35},"end":{"line":37,"column":41}}]},"2":{"type":"branch","line":40,"loc":{"start":{"line":40,"column":23},"end":{"line":45,"column":3}},"locations":[{"start":{"line":40,"column":23},"end":{"line":45,"column":3}}]},"3":{"type":"branch","line":60,"loc":{"start":{"line":60,"column":54},"end":{"line":60,"column":69}},"locations":[{"start":{"line":60,"column":54},"end":{"line":60,"column":69}}]},"4":{"type":"branch","line":60,"loc":{"start":{"line":60,"column":58},"end":{"line":60,"column":73}},"locations":[{"start":{"line":60,"column":58},"end":{"line":60,"column":73}}]},"5":{"type":"branch","line":63,"loc":{"start":{"line":63,"column":55},"end":{"line":63,"column":70}},"locations":[{"start":{"line":63,"column":55},"end":{"line":63,"column":70}}]},"6":{"type":"branch","line":66,"loc":{"start":{"line":66,"column":56},"end":{"line":66,"column":71}},"locations":[{"start":{"line":66,"column":56},"end":{"line":66,"column":71}}]},"7":{"type":"branch","line":73,"loc":{"start":{"line":73,"column":11},"end":{"line":73,"column":70}},"locations":[{"start":{"line":73,"column":11},"end":{"line":73,"column":70}}]},"8":{"type":"branch","line":82,"loc":{"start":{"line":82,"column":45},"end":{"line":138,"column":13}},"locations":[{"start":{"line":82,"column":45},"end":{"line":138,"column":13}}]},"9":{"type":"branch","line":142,"loc":{"start":{"line":142,"column":56},"end":{"line":142,"column":71}},"locations":[{"start":{"line":142,"column":56},"end":{"line":142,"column":71}}]},"10":{"type":"branch","line":142,"loc":{"start":{"line":142,"column":60},"end":{"line":142,"column":75}},"locations":[{"start":{"line":142,"column":60},"end":{"line":142,"column":75}}]},"11":{"type":"branch","line":84,"loc":{"start":{"line":84,"column":42},"end":{"line":135,"column":17}},"locations":[{"start":{"line":84,"column":42},"end":{"line":135,"column":17}}]},"12":{"type":"branch","line":90,"loc":{"start":{"line":90,"column":39},"end":{"line":100,"column":17}},"locations":[{"start":{"line":90,"column":39},"end":{"line":100,"column":17}}]},"13":{"type":"branch","line":94,"loc":{"start":{"line":94,"column":16},"end":{"line":100,"column":17}},"locations":[{"start":{"line":94,"column":16},"end":{"line":100,"column":17}}]},"14":{"type":"branch","line":103,"loc":{"start":{"line":103,"column":18},"end":{"line":105,"column":26}},"locations":[{"start":{"line":103,"column":18},"end":{"line":105,"column":26}}]},"15":{"type":"branch","line":106,"loc":{"start":{"line":106,"column":18},"end":{"line":108,"column":26}},"locations":[{"start":{"line":106,"column":18},"end":{"line":108,"column":26}}]},"16":{"type":"branch","line":109,"loc":{"start":{"line":109,"column":18},"end":{"line":111,"column":26}},"locations":[{"start":{"line":109,"column":18},"end":{"line":111,"column":26}}]},"17":{"type":"branch","line":112,"loc":{"start":{"line":112,"column":18},"end":{"line":114,"column":26}},"locations":[{"start":{"line":112,"column":18},"end":{"line":114,"column":26}}]},"18":{"type":"branch","line":115,"loc":{"start":{"line":115,"column":18},"end":{"line":116,"column":61}},"locations":[{"start":{"line":115,"column":18},"end":{"line":116,"column":61}}]}},"b":{"0":[10],"1":[0],"2":[0],"3":[2],"4":[8],"5":[0],"6":[0],"7":[0],"8":[2],"9":[8],"10":[2],"11":[4],"12":[2],"13":[0],"14":[2],"15":[0],"16":[2],"17":[0],"18":[0]},"fnMap":{"0":{"name":"PlayingField","decl":{"start":{"line":18,"column":50},"end":{"line":153,"column":1}},"loc":{"start":{"line":18,"column":50},"end":{"line":153,"column":1}},"line":18}},"f":{"0":10}}
,"/Users/davekanter/Documents/Dave/hearts-vercel/client/src/components/ScoreDisplay/ScoreDisplay.tsx": {"path":"/Users/davekanter/Documents/Dave/hearts-vercel/client/src/components/ScoreDisplay/ScoreDisplay.tsx","all":false,"statementMap":{"0":{"start":{"line":1,"column":0},"end":{"line":1,"column":26}},"1":{"start":{"line":2,"column":0},"end":{"line":2,"column":28}},"9":{"start":{"line":10,"column":0},"end":{"line":10,"column":53}},"10":{"start":{"line":11,"column":0},"end":{"line":11,"column":10}},"11":{"start":{"line":12,"column":0},"end":{"line":12,"column":14}},"12":{"start":{"line":13,"column":0},"end":{"line":13,"column":21}},"13":{"start":{"line":14,"column":0},"end":{"line":14,"column":7}},"14":{"start":{"line":15,"column":0},"end":{"line":15,"column":10}},"15":{"start":{"line":16,"column":0},"end":{"line":16,"column":35}},"16":{"start":{"line":17,"column":0},"end":{"line":17,"column":29}},"17":{"start":{"line":18,"column":0},"end":{"line":18,"column":34}},"18":{"start":{"line":19,"column":0},"end":{"line":19,"column":39}},"19":{"start":{"line":20,"column":0},"end":{"line":20,"column":15}},"20":{"start":{"line":21,"column":0},"end":{"line":21,"column":42}},"21":{"start":{"line":22,"column":0},"end":{"line":22,"column":92}},"23":{"start":{"line":24,"column":0},"end":{"line":24,"column":69}},"24":{"start":{"line":25,"column":0},"end":{"line":25,"column":57}},"30":{"start":{"line":31,"column":0},"end":{"line":31,"column":2}},"32":{"start":{"line":33,"column":0},"end":{"line":33,"column":28}}},"s":{"0":1,"1":1,"9":1,"10":5,"11":5,"12":5,"13":5,"14":5,"15":5,"16":5,"17":5,"18":5,"19":5,"20":5,"21":5,"23":5,"24":5,"30":5,"32":1},"branchMap":{"0":{"type":"branch","line":10,"loc":{"start":{"line":10,"column":50},"end":{"line":31,"column":2}},"locations":[{"start":{"line":10,"column":50},"end":{"line":31,"column":2}}]},"1":{"type":"branch","line":22,"loc":{"start":{"line":22,"column":60},"end":{"line":22,"column":87}},"locations":[{"start":{"line":22,"column":60},"end":{"line":22,"column":87}}]},"2":{"type":"branch","line":22,"loc":{"start":{"line":22,"column":68},"end":{"line":22,"column":91}},"locations":[{"start":{"line":22,"column":68},"end":{"line":22,"column":91}}]}},"b":{"0":[5],"1":[5],"2":[15]},"fnMap":{"0":{"name":"ScoreDisplay","decl":{"start":{"line":10,"column":50},"end":{"line":31,"column":2}},"loc":{"start":{"line":10,"column":50},"end":{"line":31,"column":2}},"line":10}},"f":{"0":5}}
[...]
"line":100,"column":49}},"100":{"start":{"line":101,"column":0},"end":{"line":101,"column":37}},"102":{"start":{"line":103,"column":0},"end":{"line":103,"column":65}},"103":{"start":{"line":104,"column":0},"end":{"line":104,"column":37}},"104":{"start":{"line":105,"column":0},"end":{"line":105,"column":36}},"106":{"start":{"line":107,"column":0},"end":{"line":107,"column":42}},"107":{"start":{"line":108,"column":0},"end":{"line":108,"column":74}},"109":{"start":{"line":110,"column":0},"end":{"line":110,"column":45}},"110":{"start":{"line":111,"column":0},"end":{"line":111,"column":36}},"111":{"start":{"line":112,"column":0},"end":{"line":112,"column":74}},"113":{"start":{"line":114,"column":0},"end":{"line":114,"column":58}},"114":{"start":{"line":115,"column":0},"end":{"line":115,"column":24}},"115":{"start":{"line":116,"column":0},"end":{"line":116,"column":33}},"116":{"start":{"line":117,"column":0},"end":{"line":117,"column":51}},"118":{"start":{"line":119,"column":0},"end":{"line":119,"column":68}},"119":{"start":{"line":120,"column":0},"end":{"line":120,"column":26}},"120":{"start":{"line":121,"column":0},"end":{"line":121,"column":36}},"121":{"start":{"line":122,"column":0},"end":{"line":122,"column":46}},"122":{"start":{"line":123,"column":0},"end":{"line":123,"column":28}},"123":{"start":{"line":124,"column":0},"end":{"line":124,"column":36}},"124":{"start":{"line":125,"column":0},"end":{"line":125,"column":31}},"126":{"start":{"line":127,"column":0},"end":{"line":127,"column":80}},"127":{"start":{"line":128,"column":0},"end":{"line":128,"column":71}},"129":{"start":{"line":130,"column":0},"end":{"line":130,"column":27}},"130":{"start":{"line":131,"column":0},"end":{"line":131,"column":42}},"132":{"start":{"line":133,"column":0},"end":{"line":133,"column":31}},"133":{"start":{"line":134,"column":0},"end":{"line":134,"column":53}},"134":{"start":{"line":135,"column":0},"end":{"line":135,"column":42}},"136":{"start":{"line":137,"column":0},"end":{"line":137,"column":45}},"137":{"start":{"line":138,"column":0},"end":{"line":138,"column":49}},"138":{"start":{"line":139,"column":0},"end":{"line":139,"column":75}},"139":{"start":{"line":140,"column":0},"end":{"line":140,"column":105}},"141":{"start":{"line":142,"column":0},"end":{"line":142,"column":55}},"142":{"start":{"line":143,"column":0},"end":{"line":143,"column":55}},"144":{"start":{"line":145,"column":0},"end":{"line":145,"column":67}},"145":{"start":{"line":146,"column":0},"end":{"line":146,"column":54}},"146":{"start":{"line":147,"column":0},"end":{"line":147,"column":58}},"147":{"start":{"line":148,"column":0},"end":{"line":148,"column":45}},"148":{"start":{"line":149,"column":0},"end":{"line":149,"column":20}},"149":{"start":{"line":150,"column":0},"end":{"line":150,"column":38}},"150":{"start":{"line":151,"column":0},"end":{"line":151,"column":38}},"152":{"start":{"line":153,"column":0},"end":{"line":153,"column":66}},"153":{"start":{"line":154,"column":0},"end":{"line":154,"column":97}},"154":{"start":{"line":155,"column":0},"end":{"line":155,"column":45}},"155":{"start":{"line":156,"column":0},"end":{"line":156,"column":13}},"157":{"start":{"line":158,"column":0},"end":{"line":158,"column":62}},"158":{"start":{"line":159,"column":0},"end":{"line":159,"column":68}},"159":{"start":{"line":160,"column":0},"end":{"line":160,"column":24}},"160":{"start":{"line":161,"column":0},"end":{"line":161,"column":50}},"161":{"start":{"line":162,"column":0},"end":{"line":162,"column":54}},"162":{"start":{"line":163,"column":0},"end":{"line":163,"column":32}},"163":{"start":{"line":164,"column":0},"end":{"line":164,"column":20}},"164":{"start":{"line":165,"column":0},"end":{"line":165,"column":76}},"166":{"start":{"line":167,"column":0},"end":{"line":167,"column":64}},"167":{"start":{"line":168,"column":0},"end":{"line":168,"column":73}},"168":{"start":{"line":169,"column":0},"end":{"line":169,"column":32}},"169":{"start":{"line":170,"column":0},"end":{"line":170,"column":85}},"170":{"start":{"line":171,"column":0},"end":{"line":171,"column":13}},"172":{"start":{"line":173,"column":0},"end":{"line":173,"column":47}},"173":{"start":{"line":174,"column":0},"end":{"line":174,"column":40}},"175":{"start":{"line":176,"column":0},"end":{"line":176,"column":96}},"176":{"start":{"line":177,"column":0},"end":{"line":177,"column":77}},"178":{"start":{"line":179,"column":0},"end":{"line":179,"column":83}},"179":{"start":{"line":180,"column":0},"end":{"line":180,"column":62}},"180":{"start":{"line":181,"column":0},"end":{"line":181,"column":36}},"181":{"start":{"line":182,"column":0},"end":{"line":182,"column":90}},"182":{"start":{"line":183,"column":0},"end":{"line":183,"column":72}},"183":{"start":{"line":184,"column":0},"end":{"line":184,"column":20}},"184":{"start":{"line":185,"column":0},"end":{"line":185,"column":88}},"185":{"start":{"line":186,"column":0},"end":{"line":186,"column":73}},"186":{"start":{"line":187,"column":0},"end":{"line":187,"column":91}},"187":{"start":{"line":188,"column":0},"end":{"line":188,"column":32}},"188":{"start":{"line":189,"column":0},"end":{"line":189,"column":41}},"189":{"start":{"line":190,"column":0},"end":{"line":190,"column":45}},"190":{"start":{"line":191,"column":0},"end":{"line":191,"column":23}},"191":{"start":{"line":192,"column":0},"end":{"line":192,"column":13}},"192":{"start":{"line":193,"column":0},"end":{"line":193,"column":18}},"193":{"start":{"line":194,"column":0},"end":{"line":194,"column":59}},"194":{"start":{"line":195,"column":0},"end":{"line":195,"column":40}},"195":{"start":{"line":196,"column":0},"end":{"line":196,"column":39}},"196":{"start":{"line":197,"column":0},"end":{"line":197,"column":43}},"197":{"start":{"line":198,"column":0},"end":{"line":198,"column":11}},"198":{"start":{"line":199,"column":0},"end":{"line":199,"column":71}},"199":{"start":{"line":200,"column":0},"end":{"line":200,"column":50}},"200":{"start":{"line":201,"column":0},"end":{"line":201,"column":12}},"201":{"start":{"line":202,"column":0},"end":{"line":202,"column":65}},"202":{"start":{"line":203,"column":0},"end":{"line":203,"column":21}},"203":{"start":{"line":204,"column":0},"end":{"line":204,"column":27}},"204":{"start":{"line":205,"column":0},"end":{"line":205,"column":54}},"205":{"start":{"line":206,"column":0},"end":{"line":206,"column":54}},"206":{"start":{"line":207,"column":0},"end":{"line":207,"column":54}},"207":{"start":{"line":208,"column":0},"end":{"line":208,"column":54}},"208":{"start":{"line":209,"column":0},"end":{"line":209,"column":32}},"209":{"start":{"line":210,"column":0},"end":{"line":210,"column":7}},"210":{"start":{"line":211,"column":0},"end":{"line":211,"column":33}},"211":{"start":{"line":212,"column":0},"end":{"line":212,"column":5}},"212":{"start":{"line":213,"column":0},"end":{"line":213,"column":386}},"213":{"start":{"line":214,"column":0},"end":{"line":214,"column":1}},"215":{"start":{"line":216,"column":0},"end":{"line":216,"column":26}},"216":{"start":{"line":217,"column":0},"end":{"line":217,"column":41}},"217":{"start":{"line":218,"column":0},"end":{"line":218,"column":49}},"218":{"start":{"line":219,"column":0},"end":{"line":219,"column":43}},"219":{"start":{"line":220,"column":0},"end":{"line":220,"column":49}},"220":{"start":{"line":221,"column":0},"end":{"line":221,"column":47}},"221":{"start":{"line":222,"column":0},"end":{"line":222,"column":51}},"222":{"start":{"line":223,"column":0},"end":{"line":223,"column":39}},"223":{"start":{"line":224,"column":0},"end":{"line":224,"column":67}},"224":{"start":{"line":225,"column":0},"end":{"line":225,"column":57}},"225":{"start":{"line":226,"column":0},"end":{"line":226,"column":42}},"226":{"start":{"line":227,"column":0},"end":{"line":227,"column":45}},"227":{"start":{"line":228,"column":0},"end":{"line":228,"column":65}},"228":{"start":{"line":229,"column":0},"end":{"line":229,"column":57}},"229":{"start":{"line":230,"column":0},"end":{"line":230,"column":61}},"230":{"start":{"line":231,"column":0},"end":{"line":231,"column":49}},"231":{"start":{"line":232,"column":0},"end":{"line":232,"column":33}},"233":{"start":{"line":234,"column":0},"end":{"line":234,"column":28}},"234":{"start":{"line":235,"column":0},"end":{"line":235,"column":80}},"235":{"start":{"line":236,"column":0},"end":{"line":236,"column":126}},"236":{"start":{"line":237,"column":0},"end":{"line":237,"column":86}},"237":{"start":{"line":238,"column":0},"end":{"line":238,"column":84}},"238":{"start":{"line":239,"column":0},"end":{"line":239,"column":79}},"239":{"start":{"line":240,"column":0},"end":{"line":240,"column":24}},"240":{"start":{"line":241,"column":0},"end":{"line":241,"column":33}},"241":{"start":{"line":242,"column":0},"end":{"line":242,"column":37}},"242":{"start":{"line":243,"column":0},"end":{"line":243,"column":15}},"243":{"start":{"line":244,"column":0},"end":{"line":244,"column":13}},"244":{"start":{"line":245,"column":0},"end":{"line":245,"column":5}},"246":{"start":{"line":247,"column":0},"end":{"line":247,"column":102}},"247":{"start":{"line":248,"column":0},"end":{"line":248,"column":114}},"248":{"start":{"line":249,"column":0},"end":{"line":249,"column":24}},"249":{"start":{"line":250,"column":0},"end":{"line":250,"column":81}},"250":{"start":{"line":251,"column":0},"end":{"line":251,"column":117}},"251":{"start":{"line":252,"column":0},"end":{"line":252,"column":107}},"252":{"start":{"line":253,"column":0},"end":{"line":253,"column":29}},"253":{"start":{"line":254,"column":0},"end":{"line":254,"column":48}},"254":{"start":{"line":255,"column":0},"end":{"line":255,"column":18}},"255":{"start":{"line":256,"column":0},"end":{"line":256,"column":112}},"256":{"start":{"line":257,"column":0},"end":{"line":257,"column":11}},"257":{"start":{"line":258,"column":0},"end":{"line":258,"column":16}},"258":{"start":{"line":259,"column":0},"end":{"line":259,"column":84}},"259":{"start":{"line":260,"column":0},"end":{"line":260,"column":9}},"260":{"start":{"line":261,"column":0},"end":{"line":261,"column":75}},"261":{"start":{"line":262,"column":0},"end":{"line":262,"column":5}},"262":{"start":{"line":263,"column":0},"end":{"line":263,"column":209}},"263":{"start":{"line":264,"column":0},"end":{"line":264,"column":1}},"265":{"start":{"line":266,"column":0},"end":{"line":266,"column":42}},"266":{"start":{"line":267,"column":0},"end":{"line":267,"column":37}},"267":{"start":{"line":268,"column":0},"end":{"line":268,"column":49}},"268":{"start":{"line":269,"column":0},"end":{"line":269,"column":49}},"269":{"start":{"line":270,"column":0},"end":{"line":270,"column":47}},"270":{"start":{"line":271,"column":0},"end":{"line":271,"column":51}},"271":{"start":{"line":272,"column":0},"end":{"line":272,"column":39}},"272":{"start":{"line":273,"column":0},"end":{"line":273,"column":67}},"273":{"start":{"line":274,"column":0},"end":{"line":274,"column":57}},"274":{"start":{"line":275,"column":0},"end":{"line":275,"column":45}},"276":{"start":{"line":277,"column":0},"end":{"line":277,"column":47}},"277":{"start":{"line":278,"column":0},"end":{"line":278,"column":61}},"278":{"start":{"line":279,"column":0},"end":{"line":279,"column":103}},"279":{"start":{"line":280,"column":0},"end":{"line":280,"column":93}},"280":{"start":{"line":281,"column":0},"end":{"line":281,"column":79}},"281":{"start":{"line":282,"column":0},"end":{"line":282,"column":117}},"282":{"start":{"line":283,"column":0},"end":{"line":283,"column":1}},"284":{"start":{"line":285,"column":0},"end":{"line":285,"column":35}},"285":{"start":{"line":286,"column":0},"end":{"line":286,"column":38}},"286":{"start":{"line":287,"column":0},"end":{"line":287,"column":55}},"287":{"start":{"line":288,"column":0},"end":{"line":288,"column":61}},"288":{"start":{"line":289,"column":0},"end":{"line":289,"column":59}},"289":{"start":{"line":290,"column":0},"end":{"line":290,"column":49}},"290":{"start":{"line":291,"column":0},"end":{"line":291,"column":35}},"292":{"start":{"line":293,"column":0},"end":{"line":293,"column":28}},"293":{"start":{"line":294,"column":0},"end":{"line":294,"column":38}},"294":{"start":{"line":295,"column":0},"end":{"line":295,"column":30}},"295":{"start":{"line":296,"column":0},"end":{"line":296,"column":68}},"296":{"start":{"line":297,"column":0},"end":{"line":297,"column":78}},"297":{"start":{"line":298,"column":0},"end":{"line":298,"column":16}},"298":{"start":{"line":299,"column":0},"end":{"line":299,"column":88}},"299":{"start":{"line":300,"column":0},"end":{"line":300,"column":1}},"301":{"start":{"line":302,"column":0},"end":{"line":302,"column":31}},"302":{"start":{"line":303,"column":0},"end":{"line":303,"column":36}},"303":{"start":{"line":304,"column":0},"end":{"line":304,"column":55}},"304":{"start":{"line":305,"column":0},"end":{"line":305,"column":53}},"305":{"start":{"line":306,"column":0},"end":{"line":306,"column":61}},"306":{"start":{"line":307,"column":0},"end":{"line":307,"column":47}},"307":{"start":{"line":308,"column":0},"end":{"line":308,"column":49}},"308":{"start":{"line":309,"column":0},"end":{"line":309,"column":35}},"310":{"start":{"line":311,"column":0},"end":{"line":311,"column":28}},"311":{"start":{"line":312,"column":0},"end":{"line":312,"column":23}},"312":{"start":{"line":313,"column":0},"end":{"line":313,"column":33}},"313":{"start":{"line":314,"column":0},"end":{"line":314,"column":30}},"314":{"start":{"line":315,"column":0},"end":{"line":315,"column":23}},"315":{"start":{"line":316,"column":0},"end":{"line":316,"column":78}},"316":{"start":{"line":317,"column":0},"end":{"line":317,"column":16}},"317":{"start":{"line":318,"column":0},"end":{"line":318,"column":98}},"318":{"start":{"line":319,"column":0},"end":{"line":319,"column":1}}},"s":{"0":0,"1":0,"3":0,"4":0,"5":0,"7":0,"28":0,"29":0,"30":0,"31":0,"32":0,"33":0,"34":0,"35":0,"36":0,"37":0,"39":0,"40":0,"41":0,"42":0,"43":0,"44":0,"45":0,"46":0,"47":0,"48":0,"49":0,"50":0,"51":0,"53":0,"54":0,"55":0,"56":0,"57":0,"58":0,"59":0,"60":0,"61":0,"62":0,"63":0,"64":0,"65":0,"66":0,"67":0,"68":0,"69":0,"70":0,"72":0,"73":0,"74":0,"75":0,"76":0,"78":0,"79":0,"80":0,"81":0,"83":0,"84":0,"86":0,"87":0,"88":0,"90":0,"91":0,"92":0,"93":0,"94":0,"96":0,"97":0,"98":0,"99":0,"100":0,"102":0,"103":0,"104":0,"106":0,"107":0,"109":0,"110":0,"111":0,"113":0,"114":0,"115":0,"116":0,"118":0,"119":0,"120":0,"121":0,"122":0,"123":0,"124":0,"126":0,"127":0,"129":0,"130":0,"132":0,"133":0,"134":0,"136":0,"137":0,"138":0,"139":0,"141":0,"142":0,"144":0,"145":0,"146":0,"147":0,"148":0,"149":0,"150":0,"152":0,"153":0,"154":0,"155":0,"157":0,"158":0,"159":0,"160":0,"161":0,"162":0,"163":0,"164":0,"166":0,"167":0,"168":0,"169":0,"170":0,"172":0,"173":0,"175":0,"176":0,"178":0,"179":0,"180":0,"181":0,"182":0,"183":0,"184":0,"185":0,"186":0,"187":0,"188":0,"189":0,"190":0,"191":0,"192":0,"193":0,"194":0,"195":0,"196":0,"197":0,"198":0,"199":0,"200":0,"201":0,"202":0,"203":0,"204":0,"205":0,"206":0,"207":0,"208":0,"209":0,"210":0,"211":0,"212":0,"213":0,"215":0,"216":0,"217":0,"218":0,"219":0,"220":0,"221":0,"222":0,"223":0,"224":0,"225":0,"226":0,"227":0,"228":0,"229":0,"230":0,"231":0,"233":0,"234":0,"235":0,"236":0,"237":0,"238":0,"239":0,"240":0,"241":0,"242":0,"243":0,"244":0,"246":0,"247":0,"248":0,"249":0,"250":0,"251":0,"252":0,"253":0,"254":0,"255":0,"256":0,"257":0,"258":0,"259":0,"260":0,"261":0,"262":0,"263":0,"265":0,"266":0,"267":0,"268":0,"269":0,"270":0,"271":0,"272":0,"273":0,"274":0,"276":0,"277":0,"278":0,"279":0,"280":0,"281":0,"282":0,"284":0,"285":0,"286":0,"287":0,"288":0,"289":0,"290":0,"292":0,"293":0,"294":0,"295":0,"296":0,"297":0,"298":0,"299":0,"301":0,"302":0,"303":0,"304":0,"305":0,"306":0,"307":0,"308":0,"310":0,"311":0,"312":0,"313":0,"314":0,"315":0,"316":0,"317":0,"318":0},"branchMap":{"0":{"type":"branch","line":1,"loc":{"start":{"line":1,"column":14117},"end":{"line":319,"column":1}},"locations":[{"start":{"line":1,"column":14117},"end":{"line":319,"column":1}}]}},"b":{"0":[0]},"fnMap":{"0":{"name":"(empty-report)","decl":{"start":{"line":1,"column":14117},"end":{"line":319,"column":1}},"loc":{"start":{"line":1,"column":14117},"end":{"line":319,"column":1}},"line":1}},"f":{"0":0}}
,"/Users/davekanter/Documents/Dave/hearts-vercel/client/src/state/atoms.ts": {"path":"/Users/davekanter/Documents/Dave/hearts-vercel/client/src/state/atoms.ts","all":false,"statementMap":{"0":{"start":{"line":1,"column":0},"end":{"line":1,"column":29}},"6":{"start":{"line":7,"column":0},"end":{"line":7,"column":25}},"7":{"start":{"line":8,"column":0},"end":{"line":8,"column":56}},"8":{"start":{"line":9,"column":0},"end":{"line":9,"column":48}},"9":{"start":{"line":10,"column":0},"end":{"line":10,"column":49}},"11":{"start":{"line":12,"column":0},"end":{"line":12,"column":21}},"12":{"start":{"line":13,"column":0},"end":{"line":13,"column":64}},"13":{"start":{"line":14,"column":0},"end":{"line":14,"column":99}},"14":{"start":{"line":15,"column":0},"end":{"line":15,"column":46}},"16":{"start":{"line":17,"column":0},"end":{"line":17,"column":20}},"17":{"start":{"line":18,"column":0},"end":{"line":18,"column":47}},"18":{"start":{"line":19,"column":0},"end":{"line":19,"column":57}},"19":{"start":{"line":20,"column":0},"end":{"line":20,"column":61}},"20":{"start":{"line":21,"column":0},"end":{"line":21,"column":53}},"22":{"start":{"line":23,"column":0},"end":{"line":23,"column":24}},"23":{"start":{"line":24,"column":0},"end":{"line":24,"column":61}},"24":{"start":{"line":25,"column":0},"end":{"line":25,"column":56}},"25":{"start":{"line":26,"column":0},"end":{"line":26,"column":72}},"27":{"start":{"line":28,"column":0},"end":{"line":28,"column":20}},"28":{"start":{"line":29,"column":0},"end":{"line":29,"column":60}},"29":{"start":{"line":30,"column":0},"end":{"line":30,"column":60}},"30":{"start":{"line":31,"column":0},"end":{"line":31,"column":60}},"31":{"start":{"line":32,"column":0},"end":{"line":32,"column":56}},"33":{"start":{"line":34,"column":0},"end":{"line":34,"column":16}},"34":{"start":{"line":35,"column":0},"end":{"line":35,"column":35}},"35":{"start":{"line":36,"column":0},"end":{"line":36,"column":64}},"38":{"start":{"line":39,"column":0},"end":{"line":39,"column":37}},"39":{"start":{"line":40,"column":0},"end":{"line":40,"column":12}},"40":{"start":{"line":41,"column":0},"end":{"line":41,"column":45}},"41":{"start":{"line":42,"column":0},"end":{"line":42,"column":63}},"42":{"start":{"line":43,"column":0},"end":{"line":43,"column":56}},"43":{"start":{"line":44,"column":0},"end":{"line":44,"column":3}},"46":{"start":{"line":47,"column":0},"end":{"line":47,"column":44}},"47":{"start":{"line":48,"column":0},"end":{"line":48,"column":12}},"48":{"start":{"line":49,"column":0},"end":{"line":49,"column":43}},"49":{"start":{"line":50,"column":0},"end":{"line":50,"column":59}},"50":{"start":{"line":51,"column":0},"end":{"line":51,"column":57}},"51":{"start":{"line":52,"column":0},"end":{"line":52,"column":3}}},"s":{"0":1,"6":1,"7":1,"8":1,"9":1,"11":1,"12":1,"13":1,"14":1,"16":1,"17":1,"18":1,"19":1,"20":1,"22":1,"23":1,"24":1,"25":1,"27":1,"28":1,"29":1,"30":1,"31":1,"33":1,"34":1,"35":1,"38":1,"39":1,"40":0,"41":0,"42":0,"43":0,"46":1,"47":1,"48":0,"49":0,"50":0,"51":0},"branchMap":{},"b":{},"fnMap":{},"f":{}}
,"/Users/davekanter/Documents/Dave/hearts-vercel/client/src/types/index.ts": {"path":"/Users/davekanter/Documents/Dave/hearts-vercel/client/src/types/index.ts","all":true,"statementMap":{"0":{"start":{"line":1,"column":0},"end":{"line":1,"column":13}},"20":{"start":{"line":21,"column":0},"end":{"line":21,"column":16}}},"s":{"0":0,"20":0},"branchMap":{"0":{"type":"branch","line":1,"loc":{"start":{"line":1,"column":1426},"end":{"line":48,"column":1}},"locations":[{"start":{"line":1,"column":1426},"end":{"line":48,"column":1}}]}},"b":{"0":[0]},"fnMap":{"0":{"name":"(empty-report)","decl":{"start":{"line":1,"column":1426},"end":{"line":48,"column":1}},"loc":{"start":{"line":1,"column":1426},"end":{"line":48,"column":1}},"line":1}},"f":{"0":0}}
}
